Using pre-set license
Built from '2022.3/staging' branch; Version is '2022.3.1f1 (f18e0c1b5784) revision 15830540'; Using compiler version '192829333'; Build Type 'Release'
OS: 'Windows 10  (10.0.19045) 64bit Professional' Language: 'en' Physical Memory: 16253 MB
BatchMode: 1, IsHumanControllingUs: 0, StartBugReporterOnCrash: 0, Is64bit: 1, IsPro: 1

COMMAND LINE ARGUMENTS:
C:\Program Files\Unity\Hub\Editor\2022.3.1f1\Editor\Unity.exe
-adb2
-batchMode
-noUpm
-name
AssetImportWorker0
-projectPath
C:/Users/omar-/OneDrive/Documentos/Unity Projects/BombEscape/Bomb Escape
-logFile
Logs/AssetImportWorker0.log
-srvPort
52553
Successfully changed project path to: C:/Users/omar-/OneDrive/Documentos/Unity Projects/BombEscape/Bomb Escape
C:/Users/omar-/OneDrive/Documentos/Unity Projects/BombEscape/Bomb Escape
[UnityMemory] Configuration Parameters - Can be set up in boot.config
    "memorysetup-bucket-allocator-granularity=16"
    "memorysetup-bucket-allocator-bucket-count=8"
    "memorysetup-bucket-allocator-block-size=33554432"
    "memorysetup-bucket-allocator-block-count=8"
    "memorysetup-main-allocator-block-size=16777216"
    "memorysetup-thread-allocator-block-size=16777216"
    "memorysetup-gfx-main-allocator-block-size=16777216"
    "memorysetup-gfx-thread-allocator-block-size=16777216"
    "memorysetup-cache-allocator-block-size=4194304"
    "memorysetup-typetree-allocator-block-size=2097152"
    "memorysetup-profiler-bucket-allocator-granularity=16"
    "memorysetup-profiler-bucket-allocator-bucket-count=8"
    "memorysetup-profiler-bucket-allocator-block-size=33554432"
    "memorysetup-profiler-bucket-allocator-block-count=8"
    "memorysetup-profiler-allocator-block-size=16777216"
    "memorysetup-profiler-editor-allocator-block-size=1048576"
    "memorysetup-temp-allocator-size-main=16777216"
    "memorysetup-job-temp-allocator-block-size=2097152"
    "memorysetup-job-temp-allocator-block-size-background=1048576"
    "memorysetup-job-temp-allocator-reduction-small-platforms=262144"
    "memorysetup-allocator-temp-initial-block-size-main=262144"
    "memorysetup-allocator-temp-initial-block-size-worker=262144"
    "memorysetup-temp-allocator-size-background-worker=32768"
    "memorysetup-temp-allocator-size-job-worker=262144"
    "memorysetup-temp-allocator-size-preload-manager=33554432"
    "memorysetup-temp-allocator-size-nav-mesh-worker=65536"
    "memorysetup-temp-allocator-size-audio-worker=65536"
    "memorysetup-temp-allocator-size-cloud-worker=32768"
    "memorysetup-temp-allocator-size-gi-baking-worker=262144"
    "memorysetup-temp-allocator-size-gfx=262144"
Player connection [20904] Host "[IP] 192.168.1.144 [Port] 0 [Flags] 2 [Guid] 4084907115 [EditorId] 4084907115 [Version] 1048832 [Id] WindowsEditor(7,OMAR) [Debug] 1 [PackageName] WindowsEditor [ProjectName] Editor" joined multi-casting on [225.0.0.222:54997]...

Player connection [20904] Host "[IP] 192.168.1.144 [Port] 0 [Flags] 2 [Guid] 4084907115 [EditorId] 4084907115 [Version] 1048832 [Id] WindowsEditor(7,OMAR) [Debug] 1 [PackageName] WindowsEditor [ProjectName] Editor" joined alternative multi-casting on [225.0.0.222:34997]...

Refreshing native plugins compatible for Editor in 9.35 ms, found 3 plugins.
Preloading 0 native plugins for Editor in 0.00 ms.
Initialize engine version: 2022.3.1f1 (f18e0c1b5784)
[Subsystems] Discovering subsystems at path C:/Program Files/Unity/Hub/Editor/2022.3.1f1/Editor/Data/Resources/UnitySubsystems
[Subsystems] Discovering subsystems at path C:/Users/omar-/OneDrive/Documentos/Unity Projects/BombEscape/Bomb Escape/Assets
GfxDevice: creating device client; threaded=0; jobified=0
Direct3D:
    Version:  Direct3D 11.0 [level 11.1]
    Renderer: NVIDIA GeForce RTX 3060 Ti (ID=0x2489)
    Vendor:   NVIDIA
    VRAM:     8038 MB
    Driver:   31.0.15.3623
Initialize mono
Mono path[0] = 'C:/Program Files/Unity/Hub/Editor/2022.3.1f1/Editor/Data/Managed'
Mono path[1] = 'C:/Program Files/Unity/Hub/Editor/2022.3.1f1/Editor/Data/MonoBleedingEdge/lib/mono/unityjit-win32'
Mono config path = 'C:/Program Files/Unity/Hub/Editor/2022.3.1f1/Editor/Data/MonoBleedingEdge/etc'
Using monoOptions --debugger-agent=transport=dt_socket,embedding=1,server=y,suspend=n,address=127.0.0.1:56928
Begin MonoManager ReloadAssembly
Registering precompiled unity dll's ...
Register platform support module: C:/Program Files/Unity/Hub/Editor/2022.3.1f1/Editor/Data/PlaybackEngines/WindowsStandaloneSupport/UnityEditor.WindowsStandalone.Extensions.dll
Registered in 0.009093 seconds.
- Loaded All Assemblies, in  0.326 seconds
Native extension for WindowsStandalone target not found
Mono: successfully reloaded assembly
- Finished resetting the current domain, in  0.358 seconds
Domain Reload Profiling: 683ms
	BeginReloadAssembly (81ms)
		ExecutionOrderSort (0ms)
		DisableScriptedObjects (0ms)
		BackupInstance (0ms)
		ReleaseScriptingObjects (0ms)
		CreateAndSetChildDomain (1ms)
	RebuildCommonClasses (28ms)
	RebuildNativeTypeToScriptingClass (8ms)
	initialDomainReloadingComplete (61ms)
	LoadAllAssembliesAndSetupDomain (146ms)
		LoadAssemblies (79ms)
		RebuildTransferFunctionScriptingTraits (0ms)
		AnalyzeDomain (139ms)
			TypeCache.Refresh (138ms)
				TypeCache.ScanAssembly (124ms)
			ScanForSourceGeneratedMonoScriptInfo (0ms)
			ResolveRequiredComponents (1ms)
	FinalizeReload (358ms)
		ReleaseScriptCaches (0ms)
		RebuildScriptCaches (0ms)
		SetupLoadedEditorAssemblies (296ms)
			LogAssemblyErrors (0ms)
			InitializePlatformSupportModulesInManaged (12ms)
			SetLoadedEditorAssemblies (10ms)
			RefreshPlugins (0ms)
			BeforeProcessingInitializeOnLoad (3ms)
			ProcessInitializeOnLoadAttributes (211ms)
			ProcessInitializeOnLoadMethodAttributes (60ms)
			AfterProcessingInitializeOnLoad (0ms)
			EditorAssembliesLoaded (0ms)
		ExecutionOrderSort2 (0ms)
		AwakeInstancesAfterBackupRestoration (0ms)
========================================================================
Worker process is ready to serve import requests
Begin MonoManager ReloadAssembly
Symbol file LoadedFromMemory doesn't match image C:\Users\omar-\OneDrive\Documentos\Unity Projects\BombEscape\Bomb Escape\Library\PackageCache\com.unity.visualscripting@1.8.0\Editor\VisualScripting.Core\Dependencies\YamlDotNet\Unity.VisualScripting.YamlDotNet.dll
Symbol file LoadedFromMemory doesn't match image C:\Users\omar-\OneDrive\Documentos\Unity Projects\BombEscape\Bomb Escape\Library\PackageCache\com.unity.visualscripting@1.8.0\Editor\VisualScripting.Core\Dependencies\DotNetZip\Unity.VisualScripting.IonicZip.dll
- Loaded All Assemblies, in  0.745 seconds
Refreshing native plugins compatible for Editor in 3.58 ms, found 3 plugins.
Native extension for WindowsStandalone target not found
Mono: successfully reloaded assembly
- Finished resetting the current domain, in  0.579 seconds
Domain Reload Profiling: 1320ms
	BeginReloadAssembly (130ms)
		ExecutionOrderSort (0ms)
		DisableScriptedObjects (5ms)
		BackupInstance (0ms)
		ReleaseScriptingObjects (0ms)
		CreateAndSetChildDomain (24ms)
	RebuildCommonClasses (32ms)
	RebuildNativeTypeToScriptingClass (9ms)
	initialDomainReloadingComplete (42ms)
	LoadAllAssembliesAndSetupDomain (528ms)
		LoadAssemblies (303ms)
		RebuildTransferFunctionScriptingTraits (0ms)
		AnalyzeDomain (284ms)
			TypeCache.Refresh (267ms)
				TypeCache.ScanAssembly (253ms)
			ScanForSourceGeneratedMonoScriptInfo (13ms)
			ResolveRequiredComponents (4ms)
	FinalizeReload (579ms)
		ReleaseScriptCaches (0ms)
		RebuildScriptCaches (0ms)
		SetupLoadedEditorAssemblies (429ms)
			LogAssemblyErrors (0ms)
			InitializePlatformSupportModulesInManaged (7ms)
			SetLoadedEditorAssemblies (6ms)
			RefreshPlugins (0ms)
			BeforeProcessingInitializeOnLoad (92ms)
			ProcessInitializeOnLoadAttributes (291ms)
			ProcessInitializeOnLoadMethodAttributes (22ms)
			AfterProcessingInitializeOnLoad (11ms)
			EditorAssembliesLoaded (0ms)
		ExecutionOrderSort2 (0ms)
		AwakeInstancesAfterBackupRestoration (5ms)
Launched and connected shader compiler UnityShaderCompiler.exe after 0.05 seconds
Refreshing native plugins compatible for Editor in 5.79 ms, found 3 plugins.
Preloading 0 native plugins for Editor in 0.00 ms.
Unloading 3287 Unused Serialized files (Serialized files now loaded: 0)
Unloading 44 unused Assets / (130.0 KB). Loaded Objects now: 3751.
Memory consumption went from 127.2 MB to 127.1 MB.
Total: 4.459900 ms (FindLiveObjects: 0.271300 ms CreateObjectMapping: 0.234700 ms MarkObjects: 3.788700 ms  DeleteObjects: 0.164100 ms)

AssetImportParameters requested are different than current active one (requested -> active):
  custom:container-demuxer-ogg: 62fdf1f143b41e24485cea50d1cbac27 -> 
  custom:video-decoder-ogg-theora: a1e56fd34408186e4bbccfd4996cb3dc -> 
  custom:framework-win-MediaFoundation: 216162199b28c13a410421893ffa2e32 -> 
  custom:container-demuxer-webm: 4f35f7cbe854078d1ac9338744f61a02 -> 
  custom:container-muxer-webm: aa71ff27fc2769a1b78a27578f13a17b -> 
  custom:video-decoder-webm-vp8: 9c59270c3fd7afecdb556c50c9e8de78 -> 
  custom:AudioImporter_EditorPlatform: d09bf68614088b80899f8185d706f6e7 -> 
  custom:video-encoder-webm-vp8: eb34c28f22e8b96e1ab97ce403110664 -> 
  custom:audio-decoder-ogg-vorbis: bf7c407c2cedff20999df2af8eb42d56 -> 
  custom:audio-encoder-webm-vorbis: bf7c407c2cedff20999df2af8eb42d56 -> 
========================================================================
Received Import Request.
  Time since last request: 9984.746387 seconds.
  path: Assets/Scenes/Prefabs/Nivel 2.prefab
  artifactKey: Guid(29cc5bd3b6b2165d59fa21137dda8554) Importer(815301076,1909f56bfc062723c751e8b465ee728b)
Start importing Assets/Scenes/Prefabs/Nivel 2.prefab using Guid(29cc5bd3b6b2165d59fa21137dda8554) Importer(815301076,1909f56bfc062723c751e8b465ee728b)  -> (artifact id: '2c55b19883a18326a8c60bc2bc4317c5') in 0.119305 seconds
Number of updated asset objects reloaded before import = 0
Number of asset objects unloaded after import = 248
========================================================================
Received Import Request.
  Time since last request: 43.421374 seconds.
  path: Assets/Scenes/Prefabs/Nivel 2.prefab
  artifactKey: Guid(29cc5bd3b6b2165d59fa21137dda8554) Importer(815301076,1909f56bfc062723c751e8b465ee728b)
Start importing Assets/Scenes/Prefabs/Nivel 2.prefab using Guid(29cc5bd3b6b2165d59fa21137dda8554) Importer(815301076,1909f56bfc062723c751e8b465ee728b)  -> (artifact id: '9dc5a7e40694548159d87178b058016a') in 0.017383 seconds
Number of updated asset objects reloaded before import = 0
Number of asset objects unloaded after import = 248
========================================================================
Received Import Request.
  Time since last request: 23.557095 seconds.
  path: Assets/Scenes/Prefabs/Nivel 2.prefab
  artifactKey: Guid(29cc5bd3b6b2165d59fa21137dda8554) Importer(815301076,1909f56bfc062723c751e8b465ee728b)
Start importing Assets/Scenes/Prefabs/Nivel 2.prefab using Guid(29cc5bd3b6b2165d59fa21137dda8554) Importer(815301076,1909f56bfc062723c751e8b465ee728b)  -> (artifact id: '6c41d091ca54338a12d00a1d810dfe25') in 0.015427 seconds
Number of updated asset objects reloaded before import = 0
Number of asset objects unloaded after import = 248
========================================================================
Received Import Request.
  Time since last request: 9.047220 seconds.
  path: Assets/Scenes/Prefabs/Nivel 2.prefab
  artifactKey: Guid(29cc5bd3b6b2165d59fa21137dda8554) Importer(815301076,1909f56bfc062723c751e8b465ee728b)
Start importing Assets/Scenes/Prefabs/Nivel 2.prefab using Guid(29cc5bd3b6b2165d59fa21137dda8554) Importer(815301076,1909f56bfc062723c751e8b465ee728b)  -> (artifact id: 'b084e5d0463bb879b203f3ebd147a4a5') in 0.019896 seconds
Number of updated asset objects reloaded before import = 0
Number of asset objects unloaded after import = 248
========================================================================
Received Import Request.
  Time since last request: 8.030263 seconds.
  path: Assets/Scenes/Prefabs/Nivel 2.prefab
  artifactKey: Guid(29cc5bd3b6b2165d59fa21137dda8554) Importer(815301076,1909f56bfc062723c751e8b465ee728b)
Start importing Assets/Scenes/Prefabs/Nivel 2.prefab using Guid(29cc5bd3b6b2165d59fa21137dda8554) Importer(815301076,1909f56bfc062723c751e8b465ee728b)  -> (artifact id: 'bc59858c6a4a22bbd618a3244522d00f') in 0.023863 seconds
Number of updated asset objects reloaded before import = 0
Number of asset objects unloaded after import = 243
========================================================================
Received Import Request.
  Time since last request: 6.427848 seconds.
  path: Assets/Scenes/Prefabs/Nivel 2.prefab
  artifactKey: Guid(29cc5bd3b6b2165d59fa21137dda8554) Importer(815301076,1909f56bfc062723c751e8b465ee728b)
Start importing Assets/Scenes/Prefabs/Nivel 2.prefab using Guid(29cc5bd3b6b2165d59fa21137dda8554) Importer(815301076,1909f56bfc062723c751e8b465ee728b)  -> (artifact id: '1ce2d7c0ab536b6695983de47270d26b') in 0.016162 seconds
Number of updated asset objects reloaded before import = 0
Number of asset objects unloaded after import = 243
========================================================================
Received Import Request.
  Time since last request: 877.014402 seconds.
  path: Assets/Scenes/Prefabs/Nivel 2.prefab
  artifactKey: Guid(29cc5bd3b6b2165d59fa21137dda8554) Importer(815301076,1909f56bfc062723c751e8b465ee728b)
Start importing Assets/Scenes/Prefabs/Nivel 2.prefab using Guid(29cc5bd3b6b2165d59fa21137dda8554) Importer(815301076,1909f56bfc062723c751e8b465ee728b)  -> (artifact id: 'a41e674cb98402107fd13bba27ca1442') in 0.071051 seconds
Number of updated asset objects reloaded before import = 0
Number of asset objects unloaded after import = 248
========================================================================
Received Import Request.
  Time since last request: 5.766901 seconds.
  path: Assets/Scenes/Prefabs/Nivel 2.prefab
  artifactKey: Guid(29cc5bd3b6b2165d59fa21137dda8554) Importer(815301076,1909f56bfc062723c751e8b465ee728b)
Start importing Assets/Scenes/Prefabs/Nivel 2.prefab using Guid(29cc5bd3b6b2165d59fa21137dda8554) Importer(815301076,1909f56bfc062723c751e8b465ee728b)  -> (artifact id: '9f6989fc19198b98ab4f776252e7b658') in 0.015192 seconds
Number of updated asset objects reloaded before import = 0
Number of asset objects unloaded after import = 248
========================================================================
Received Import Request.
  Time since last request: 11.659225 seconds.
  path: Assets/Scenes/Prefabs/Nivel 2.prefab
  artifactKey: Guid(29cc5bd3b6b2165d59fa21137dda8554) Importer(815301076,1909f56bfc062723c751e8b465ee728b)
Start importing Assets/Scenes/Prefabs/Nivel 2.prefab using Guid(29cc5bd3b6b2165d59fa21137dda8554) Importer(815301076,1909f56bfc062723c751e8b465ee728b)  -> (artifact id: '99b3aea6f24a1c43c4410165e7c72e15') in 0.019931 seconds
Number of updated asset objects reloaded before import = 0
Number of asset objects unloaded after import = 248
========================================================================
Received Import Request.
  Time since last request: 5.214319 seconds.
  path: Assets/Scenes/Prefabs/Nivel 2.prefab
  artifactKey: Guid(29cc5bd3b6b2165d59fa21137dda8554) Importer(815301076,1909f56bfc062723c751e8b465ee728b)
Start importing Assets/Scenes/Prefabs/Nivel 2.prefab using Guid(29cc5bd3b6b2165d59fa21137dda8554) Importer(815301076,1909f56bfc062723c751e8b465ee728b)  -> (artifact id: 'e78c8de3b686aaaf482b627749807e1e') in 0.016284 seconds
Number of updated asset objects reloaded before import = 0
Number of asset objects unloaded after import = 248
========================================================================
Received Import Request.
  Time since last request: 11.068136 seconds.
  path: Assets/Scenes/Prefabs/Nivel 2.prefab
  artifactKey: Guid(29cc5bd3b6b2165d59fa21137dda8554) Importer(815301076,1909f56bfc062723c751e8b465ee728b)
Start importing Assets/Scenes/Prefabs/Nivel 2.prefab using Guid(29cc5bd3b6b2165d59fa21137dda8554) Importer(815301076,1909f56bfc062723c751e8b465ee728b)  -> (artifact id: 'ea60e562a9e942803e7f27469ac20941') in 0.017168 seconds
Number of updated asset objects reloaded before import = 0
Number of asset objects unloaded after import = 248
========================================================================
Received Import Request.
  Time since last request: 38.220311 seconds.
  path: Assets/Scenes/Prefabs/Nivel 2.prefab
  artifactKey: Guid(29cc5bd3b6b2165d59fa21137dda8554) Importer(815301076,1909f56bfc062723c751e8b465ee728b)
Start importing Assets/Scenes/Prefabs/Nivel 2.prefab using Guid(29cc5bd3b6b2165d59fa21137dda8554) Importer(815301076,1909f56bfc062723c751e8b465ee728b)  -> (artifact id: '7b0d9b424b43cca470f1861b5a2b5f96') in 0.016053 seconds
Number of updated asset objects reloaded before import = 0
Number of asset objects unloaded after import = 248
========================================================================
Received Import Request.
  Time since last request: 5.031157 seconds.
  path: Assets/Scenes/Prefabs/Nivel 2.prefab
  artifactKey: Guid(29cc5bd3b6b2165d59fa21137dda8554) Importer(815301076,1909f56bfc062723c751e8b465ee728b)
Start importing Assets/Scenes/Prefabs/Nivel 2.prefab using Guid(29cc5bd3b6b2165d59fa21137dda8554) Importer(815301076,1909f56bfc062723c751e8b465ee728b)  -> (artifact id: 'b3f0012de0ac4644d9b475bcb7b8a8c4') in 0.017001 seconds
Number of updated asset objects reloaded before import = 0
Number of asset objects unloaded after import = 248
========================================================================
Received Import Request.
  Time since last request: 17.777075 seconds.
  path: Assets/Scenes/Prefabs/Nivel 2.prefab
  artifactKey: Guid(29cc5bd3b6b2165d59fa21137dda8554) Importer(815301076,1909f56bfc062723c751e8b465ee728b)
Start importing Assets/Scenes/Prefabs/Nivel 2.prefab using Guid(29cc5bd3b6b2165d59fa21137dda8554) Importer(815301076,1909f56bfc062723c751e8b465ee728b)  -> (artifact id: 'e827d1c9e70ef6005b39cdc26796d86f') in 0.015940 seconds
Number of updated asset objects reloaded before import = 0
Number of asset objects unloaded after import = 248
========================================================================
Received Import Request.
  Time since last request: 1.588790 seconds.
  path: Assets/Scenes/Prefabs/Nivel 2.prefab
  artifactKey: Guid(29cc5bd3b6b2165d59fa21137dda8554) Importer(815301076,1909f56bfc062723c751e8b465ee728b)
Start importing Assets/Scenes/Prefabs/Nivel 2.prefab using Guid(29cc5bd3b6b2165d59fa21137dda8554) Importer(815301076,1909f56bfc062723c751e8b465ee728b)  -> (artifact id: '79142a0f9fe214855a6a14e8883e5446') in 0.017134 seconds
Number of updated asset objects reloaded before import = 0
Number of asset objects unloaded after import = 248
========================================================================
Received Import Request.
  Time since last request: 1.186355 seconds.
  path: Assets/Scenes/Prefabs/Nivel 2.prefab
  artifactKey: Guid(29cc5bd3b6b2165d59fa21137dda8554) Importer(815301076,1909f56bfc062723c751e8b465ee728b)
Start importing Assets/Scenes/Prefabs/Nivel 2.prefab using Guid(29cc5bd3b6b2165d59fa21137dda8554) Importer(815301076,1909f56bfc062723c751e8b465ee728b)  -> (artifact id: '4aa3d89233c8cbd37ec9b3417f4e6378') in 0.017848 seconds
Number of updated asset objects reloaded before import = 0
Number of asset objects unloaded after import = 248
========================================================================
Received Import Request.
  Time since last request: 3.407962 seconds.
  path: Assets/Scenes/Prefabs/Nivel 2.prefab
  artifactKey: Guid(29cc5bd3b6b2165d59fa21137dda8554) Importer(815301076,1909f56bfc062723c751e8b465ee728b)
Start importing Assets/Scenes/Prefabs/Nivel 2.prefab using Guid(29cc5bd3b6b2165d59fa21137dda8554) Importer(815301076,1909f56bfc062723c751e8b465ee728b)  -> (artifact id: '0b672ee27d9ff2d60b30191fddf5489f') in 0.015244 seconds
Number of updated asset objects reloaded before import = 0
Number of asset objects unloaded after import = 248
========================================================================
Received Import Request.
  Time since last request: 3.822421 seconds.
  path: Assets/Scenes/Prefabs/Nivel 2.prefab
  artifactKey: Guid(29cc5bd3b6b2165d59fa21137dda8554) Importer(815301076,1909f56bfc062723c751e8b465ee728b)
Start importing Assets/Scenes/Prefabs/Nivel 2.prefab using Guid(29cc5bd3b6b2165d59fa21137dda8554) Importer(815301076,1909f56bfc062723c751e8b465ee728b)  -> (artifact id: '7fcf64042c46c53195637d71c14ebc7d') in 0.018334 seconds
Number of updated asset objects reloaded before import = 0
Number of asset objects unloaded after import = 248
========================================================================
Received Import Request.
  Time since last request: 2.796774 seconds.
  path: Assets/Scenes/Prefabs/Nivel 2.prefab
  artifactKey: Guid(29cc5bd3b6b2165d59fa21137dda8554) Importer(815301076,1909f56bfc062723c751e8b465ee728b)
Start importing Assets/Scenes/Prefabs/Nivel 2.prefab using Guid(29cc5bd3b6b2165d59fa21137dda8554) Importer(815301076,1909f56bfc062723c751e8b465ee728b)  -> (artifact id: '71adf83df1389ace2095e800b12a70de') in 0.015302 seconds
Number of updated asset objects reloaded before import = 0
Number of asset objects unloaded after import = 248
========================================================================
Received Import Request.
  Time since last request: 4.818409 seconds.
  path: Assets/Scenes/Prefabs/Nivel 2.prefab
  artifactKey: Guid(29cc5bd3b6b2165d59fa21137dda8554) Importer(815301076,1909f56bfc062723c751e8b465ee728b)
Start importing Assets/Scenes/Prefabs/Nivel 2.prefab using Guid(29cc5bd3b6b2165d59fa21137dda8554) Importer(815301076,1909f56bfc062723c751e8b465ee728b)  -> (artifact id: '73e383d431de43fd46c9eee4229eb44d') in 0.015732 seconds
Number of updated asset objects reloaded before import = 0
Number of asset objects unloaded after import = 248
========================================================================
Received Import Request.
  Time since last request: 2.003473 seconds.
  path: Assets/Scenes/Prefabs/Nivel 2.prefab
  artifactKey: Guid(29cc5bd3b6b2165d59fa21137dda8554) Importer(815301076,1909f56bfc062723c751e8b465ee728b)
Start importing Assets/Scenes/Prefabs/Nivel 2.prefab using Guid(29cc5bd3b6b2165d59fa21137dda8554) Importer(815301076,1909f56bfc062723c751e8b465ee728b)  -> (artifact id: 'a4fe25174b1600e1b895ea7b6724b8e2') in 0.020893 seconds
Number of updated asset objects reloaded before import = 0
Number of asset objects unloaded after import = 248
========================================================================
Received Import Request.
  Time since last request: 32.908179 seconds.
  path: Assets/Scenes/Prefabs/Nivel 2.prefab
  artifactKey: Guid(29cc5bd3b6b2165d59fa21137dda8554) Importer(815301076,1909f56bfc062723c751e8b465ee728b)
Start importing Assets/Scenes/Prefabs/Nivel 2.prefab using Guid(29cc5bd3b6b2165d59fa21137dda8554) Importer(815301076,1909f56bfc062723c751e8b465ee728b)  -> (artifact id: 'de8cf2b41b0fcafd619403de7ffa532b') in 0.020881 seconds
Number of updated asset objects reloaded before import = 0
Number of asset objects unloaded after import = 248
========================================================================
Received Import Request.
  Time since last request: 8.632490 seconds.
  path: Assets/Scenes/Prefabs/Nivel 2.prefab
  artifactKey: Guid(29cc5bd3b6b2165d59fa21137dda8554) Importer(815301076,1909f56bfc062723c751e8b465ee728b)
Start importing Assets/Scenes/Prefabs/Nivel 2.prefab using Guid(29cc5bd3b6b2165d59fa21137dda8554) Importer(815301076,1909f56bfc062723c751e8b465ee728b)  -> (artifact id: 'cb1644b67cf0c64c4a3b3c030d354483') in 0.016609 seconds
Number of updated asset objects reloaded before import = 0
Number of asset objects unloaded after import = 248
========================================================================
Received Import Request.
  Time since last request: 9.714149 seconds.
  path: Assets/Scenes/Prefabs/Nivel 2.prefab
  artifactKey: Guid(29cc5bd3b6b2165d59fa21137dda8554) Importer(815301076,1909f56bfc062723c751e8b465ee728b)
Start importing Assets/Scenes/Prefabs/Nivel 2.prefab using Guid(29cc5bd3b6b2165d59fa21137dda8554) Importer(815301076,1909f56bfc062723c751e8b465ee728b)  -> (artifact id: '5a8e8f4b8d5b47c95b920df6210d01c6') in 0.017410 seconds
Number of updated asset objects reloaded before import = 0
Number of asset objects unloaded after import = 248
========================================================================
Received Import Request.
  Time since last request: 1.187069 seconds.
  path: Assets/Scenes/Prefabs/Nivel 2.prefab
  artifactKey: Guid(29cc5bd3b6b2165d59fa21137dda8554) Importer(815301076,1909f56bfc062723c751e8b465ee728b)
Start importing Assets/Scenes/Prefabs/Nivel 2.prefab using Guid(29cc5bd3b6b2165d59fa21137dda8554) Importer(815301076,1909f56bfc062723c751e8b465ee728b)  -> (artifact id: '4e5dc9d0896a3dc020805f0a9a2b4e40') in 0.018136 seconds
Number of updated asset objects reloaded before import = 0
Number of asset objects unloaded after import = 248
========================================================================
Received Import Request.
  Time since last request: 12.674795 seconds.
  path: Assets/Scenes/Prefabs/Nivel 2.prefab
  artifactKey: Guid(29cc5bd3b6b2165d59fa21137dda8554) Importer(815301076,1909f56bfc062723c751e8b465ee728b)
Start importing Assets/Scenes/Prefabs/Nivel 2.prefab using Guid(29cc5bd3b6b2165d59fa21137dda8554) Importer(815301076,1909f56bfc062723c751e8b465ee728b)  -> (artifact id: 'cbd2b6941206efcff0249912084493c3') in 0.016900 seconds
Number of updated asset objects reloaded before import = 0
Number of asset objects unloaded after import = 248
========================================================================
Received Import Request.
  Time since last request: 13.470201 seconds.
  path: Assets/Scenes/Prefabs/Nivel 2.prefab
  artifactKey: Guid(29cc5bd3b6b2165d59fa21137dda8554) Importer(815301076,1909f56bfc062723c751e8b465ee728b)
Start importing Assets/Scenes/Prefabs/Nivel 2.prefab using Guid(29cc5bd3b6b2165d59fa21137dda8554) Importer(815301076,1909f56bfc062723c751e8b465ee728b)  -> (artifact id: '8885a752b95847a46acf92838772919a') in 0.015621 seconds
Number of updated asset objects reloaded before import = 0
Number of asset objects unloaded after import = 248
========================================================================
Received Import Request.
  Time since last request: 1.594949 seconds.
  path: Assets/Scenes/Prefabs/Nivel 2.prefab
  artifactKey: Guid(29cc5bd3b6b2165d59fa21137dda8554) Importer(815301076,1909f56bfc062723c751e8b465ee728b)
Start importing Assets/Scenes/Prefabs/Nivel 2.prefab using Guid(29cc5bd3b6b2165d59fa21137dda8554) Importer(815301076,1909f56bfc062723c751e8b465ee728b)  -> (artifact id: 'fb3fe06256277d301887af8eb0ea2bca') in 0.017919 seconds
Number of updated asset objects reloaded before import = 0
Number of asset objects unloaded after import = 248
========================================================================
Received Import Request.
  Time since last request: 20.724314 seconds.
  path: Assets/Scenes/Prefabs/Nivel 2.prefab
  artifactKey: Guid(29cc5bd3b6b2165d59fa21137dda8554) Importer(815301076,1909f56bfc062723c751e8b465ee728b)
Start importing Assets/Scenes/Prefabs/Nivel 2.prefab using Guid(29cc5bd3b6b2165d59fa21137dda8554) Importer(815301076,1909f56bfc062723c751e8b465ee728b)  -> (artifact id: 'b7957db2fd6b4d4d3e8110b4031235fc') in 0.016253 seconds
Number of updated asset objects reloaded before import = 0
Number of asset objects unloaded after import = 248
========================================================================
Received Import Request.
  Time since last request: 3.399037 seconds.
  path: Assets/Scenes/Prefabs/Nivel 2.prefab
  artifactKey: Guid(29cc5bd3b6b2165d59fa21137dda8554) Importer(815301076,1909f56bfc062723c751e8b465ee728b)
Start importing Assets/Scenes/Prefabs/Nivel 2.prefab using Guid(29cc5bd3b6b2165d59fa21137dda8554) Importer(815301076,1909f56bfc062723c751e8b465ee728b)  -> (artifact id: '37832f1d171b901ecc28cf2e054f3608') in 0.019870 seconds
Number of updated asset objects reloaded before import = 0
Number of asset objects unloaded after import = 248
========================================================================
Received Import Request.
  Time since last request: 21.027225 seconds.
  path: Assets/Scenes/Prefabs/Nivel 2.prefab
  artifactKey: Guid(29cc5bd3b6b2165d59fa21137dda8554) Importer(815301076,1909f56bfc062723c751e8b465ee728b)
Start importing Assets/Scenes/Prefabs/Nivel 2.prefab using Guid(29cc5bd3b6b2165d59fa21137dda8554) Importer(815301076,1909f56bfc062723c751e8b465ee728b)  -> (artifact id: 'b60782bd1301db3754d0dff10858d6b7') in 0.018126 seconds
Number of updated asset objects reloaded before import = 0
Number of asset objects unloaded after import = 248
========================================================================
Received Import Request.
  Time since last request: 3.192586 seconds.
  path: Assets/Scenes/Prefabs/Nivel 2.prefab
  artifactKey: Guid(29cc5bd3b6b2165d59fa21137dda8554) Importer(815301076,1909f56bfc062723c751e8b465ee728b)
Start importing Assets/Scenes/Prefabs/Nivel 2.prefab using Guid(29cc5bd3b6b2165d59fa21137dda8554) Importer(815301076,1909f56bfc062723c751e8b465ee728b)  -> (artifact id: '731e7303c612e6a7b27feba258080e62') in 0.019769 seconds
Number of updated asset objects reloaded before import = 0
Number of asset objects unloaded after import = 248
========================================================================
Received Import Request.
  Time since last request: 9.050950 seconds.
  path: Assets/Scenes/Prefabs/Nivel 2.prefab
  artifactKey: Guid(29cc5bd3b6b2165d59fa21137dda8554) Importer(815301076,1909f56bfc062723c751e8b465ee728b)
Start importing Assets/Scenes/Prefabs/Nivel 2.prefab using Guid(29cc5bd3b6b2165d59fa21137dda8554) Importer(815301076,1909f56bfc062723c751e8b465ee728b)  -> (artifact id: '1c7a25d99d8dcc292b0fad6672b503a6') in 0.016639 seconds
Number of updated asset objects reloaded before import = 0
Number of asset objects unloaded after import = 248
========================================================================
Received Import Request.
  Time since last request: 8.443120 seconds.
  path: Assets/Scenes/Prefabs/Nivel 2.prefab
  artifactKey: Guid(29cc5bd3b6b2165d59fa21137dda8554) Importer(815301076,1909f56bfc062723c751e8b465ee728b)
Start importing Assets/Scenes/Prefabs/Nivel 2.prefab using Guid(29cc5bd3b6b2165d59fa21137dda8554) Importer(815301076,1909f56bfc062723c751e8b465ee728b)  -> (artifact id: 'c299cd9c9a6b32a6a20c4a27c15ddc7c') in 0.018527 seconds
Number of updated asset objects reloaded before import = 0
Number of asset objects unloaded after import = 248
========================================================================
Received Import Request.
  Time since last request: 10.840312 seconds.
  path: Assets/Scenes/Prefabs/Nivel 2.prefab
  artifactKey: Guid(29cc5bd3b6b2165d59fa21137dda8554) Importer(815301076,1909f56bfc062723c751e8b465ee728b)
Start importing Assets/Scenes/Prefabs/Nivel 2.prefab using Guid(29cc5bd3b6b2165d59fa21137dda8554) Importer(815301076,1909f56bfc062723c751e8b465ee728b)  -> (artifact id: 'c37649f0773e1fb070401dbd99351cbf') in 0.021549 seconds
Number of updated asset objects reloaded before import = 0
Number of asset objects unloaded after import = 248
========================================================================
Received Import Request.
  Time since last request: 2.796115 seconds.
  path: Assets/Scenes/Prefabs/Nivel 2.prefab
  artifactKey: Guid(29cc5bd3b6b2165d59fa21137dda8554) Importer(815301076,1909f56bfc062723c751e8b465ee728b)
Start importing Assets/Scenes/Prefabs/Nivel 2.prefab using Guid(29cc5bd3b6b2165d59fa21137dda8554) Importer(815301076,1909f56bfc062723c751e8b465ee728b)  -> (artifact id: '95b3549dd509a1dc24491fe86f82bf42') in 0.015555 seconds
Number of updated asset objects reloaded before import = 0
Number of asset objects unloaded after import = 248
========================================================================
Received Import Request.
  Time since last request: 2.596791 seconds.
  path: Assets/Scenes/Prefabs/Nivel 2.prefab
  artifactKey: Guid(29cc5bd3b6b2165d59fa21137dda8554) Importer(815301076,1909f56bfc062723c751e8b465ee728b)
Start importing Assets/Scenes/Prefabs/Nivel 2.prefab using Guid(29cc5bd3b6b2165d59fa21137dda8554) Importer(815301076,1909f56bfc062723c751e8b465ee728b)  -> (artifact id: 'f6cbbd1afed44520adfb30edcdf6ad4e') in 0.014741 seconds
Number of updated asset objects reloaded before import = 0
Number of asset objects unloaded after import = 248
========================================================================
Received Import Request.
  Time since last request: 3.024196 seconds.
  path: Assets/Scenes/Prefabs/Nivel 2.prefab
  artifactKey: Guid(29cc5bd3b6b2165d59fa21137dda8554) Importer(815301076,1909f56bfc062723c751e8b465ee728b)
Start importing Assets/Scenes/Prefabs/Nivel 2.prefab using Guid(29cc5bd3b6b2165d59fa21137dda8554) Importer(815301076,1909f56bfc062723c751e8b465ee728b)  -> (artifact id: '6f369fd391f3f6734dc04447274095b7') in 0.022283 seconds
Number of updated asset objects reloaded before import = 0
Number of asset objects unloaded after import = 248
========================================================================
Received Import Request.
  Time since last request: 40.857865 seconds.
  path: Assets/Scenes/Prefabs/Nivel 2.prefab
  artifactKey: Guid(29cc5bd3b6b2165d59fa21137dda8554) Importer(815301076,1909f56bfc062723c751e8b465ee728b)
Start importing Assets/Scenes/Prefabs/Nivel 2.prefab using Guid(29cc5bd3b6b2165d59fa21137dda8554) Importer(815301076,1909f56bfc062723c751e8b465ee728b)  -> (artifact id: '8bd23d39c110e722ec9aa2192a11fbb5') in 0.017542 seconds
Number of updated asset objects reloaded before import = 0
Number of asset objects unloaded after import = 248
========================================================================
Received Import Request.
  Time since last request: 3.202440 seconds.
  path: Assets/Scenes/Prefabs/Nivel 2.prefab
  artifactKey: Guid(29cc5bd3b6b2165d59fa21137dda8554) Importer(815301076,1909f56bfc062723c751e8b465ee728b)
Start importing Assets/Scenes/Prefabs/Nivel 2.prefab using Guid(29cc5bd3b6b2165d59fa21137dda8554) Importer(815301076,1909f56bfc062723c751e8b465ee728b)  -> (artifact id: '8acf54d12d8bc6cc06b623fc94a5ba75') in 0.017535 seconds
Number of updated asset objects reloaded before import = 0
Number of asset objects unloaded after import = 248
========================================================================
Received Import Request.
  Time since last request: 6.222847 seconds.
  path: Assets/Scenes/Prefabs/Nivel 2.prefab
  artifactKey: Guid(29cc5bd3b6b2165d59fa21137dda8554) Importer(815301076,1909f56bfc062723c751e8b465ee728b)
Start importing Assets/Scenes/Prefabs/Nivel 2.prefab using Guid(29cc5bd3b6b2165d59fa21137dda8554) Importer(815301076,1909f56bfc062723c751e8b465ee728b)  -> (artifact id: 'a183eaa9a7066df6b0b4b0c83205bca2') in 0.017041 seconds
Number of updated asset objects reloaded before import = 0
Number of asset objects unloaded after import = 248
========================================================================
Received Import Request.
  Time since last request: 5.028187 seconds.
  path: Assets/Scenes/Prefabs/Nivel 2.prefab
  artifactKey: Guid(29cc5bd3b6b2165d59fa21137dda8554) Importer(815301076,1909f56bfc062723c751e8b465ee728b)
Start importing Assets/Scenes/Prefabs/Nivel 2.prefab using Guid(29cc5bd3b6b2165d59fa21137dda8554) Importer(815301076,1909f56bfc062723c751e8b465ee728b)  -> (artifact id: '03a8d7c888ffbc506960400b80c92d14') in 0.021104 seconds
Number of updated asset objects reloaded before import = 0
Number of asset objects unloaded after import = 248
========================================================================
Received Import Request.
  Time since last request: 3.802141 seconds.
  path: Assets/Scenes/Prefabs/Nivel 2.prefab
  artifactKey: Guid(29cc5bd3b6b2165d59fa21137dda8554) Importer(815301076,1909f56bfc062723c751e8b465ee728b)
Start importing Assets/Scenes/Prefabs/Nivel 2.prefab using Guid(29cc5bd3b6b2165d59fa21137dda8554) Importer(815301076,1909f56bfc062723c751e8b465ee728b)  -> (artifact id: '28889873f406ca0c61a0d19e4b14f317') in 0.020403 seconds
Number of updated asset objects reloaded before import = 0
Number of asset objects unloaded after import = 248
========================================================================
Received Import Request.
  Time since last request: 4.418955 seconds.
  path: Assets/Scenes/Prefabs/Nivel 2.prefab
  artifactKey: Guid(29cc5bd3b6b2165d59fa21137dda8554) Importer(815301076,1909f56bfc062723c751e8b465ee728b)
Start importing Assets/Scenes/Prefabs/Nivel 2.prefab using Guid(29cc5bd3b6b2165d59fa21137dda8554) Importer(815301076,1909f56bfc062723c751e8b465ee728b)  -> (artifact id: '7ba5873be4c19dd1a443858720a68609') in 0.016837 seconds
Number of updated asset objects reloaded before import = 0
Number of asset objects unloaded after import = 248
========================================================================
Received Import Request.
  Time since last request: 8.452984 seconds.
  path: Assets/Scenes/Prefabs/Nivel 2.prefab
  artifactKey: Guid(29cc5bd3b6b2165d59fa21137dda8554) Importer(815301076,1909f56bfc062723c751e8b465ee728b)
Start importing Assets/Scenes/Prefabs/Nivel 2.prefab using Guid(29cc5bd3b6b2165d59fa21137dda8554) Importer(815301076,1909f56bfc062723c751e8b465ee728b)  -> (artifact id: '3579a4a5b04c1152a2361354fba3f0a4') in 0.020657 seconds
Number of updated asset objects reloaded before import = 0
Number of asset objects unloaded after import = 248
========================================================================
Received Import Request.
  Time since last request: 93.455694 seconds.
  path: Assets/Scenes/Prefabs/Nivel 2.prefab
  artifactKey: Guid(29cc5bd3b6b2165d59fa21137dda8554) Importer(815301076,1909f56bfc062723c751e8b465ee728b)
Start importing Assets/Scenes/Prefabs/Nivel 2.prefab using Guid(29cc5bd3b6b2165d59fa21137dda8554) Importer(815301076,1909f56bfc062723c751e8b465ee728b)  -> (artifact id: 'b98d9f20db099ddf96d2851f2897548d') in 0.019857 seconds
Number of updated asset objects reloaded before import = 0
Number of asset objects unloaded after import = 248
========================================================================
Received Import Request.
  Time since last request: 2.938423 seconds.
  path: Assets/Menu/Sounds/SonidosMixer.mixer
  artifactKey: Guid(856d7e400cf782e459c814648e168336) Importer(815301076,1909f56bfc062723c751e8b465ee728b)
Start importing Assets/Menu/Sounds/SonidosMixer.mixer using Guid(856d7e400cf782e459c814648e168336) Importer(815301076,1909f56bfc062723c751e8b465ee728b)  -> (artifact id: '438c52cc45732987dd2c73d64b7e3e2f') in 0.002008 seconds
Number of updated asset objects reloaded before import = 0
Number of asset objects unloaded after import = 6
========================================================================
Received Import Request.
  Time since last request: 52.928732 seconds.
  path: Assets/TextMesh Pro/Resources
  artifactKey: Guid(243e06394e614e5d99fab26083b707fa) Importer(815301076,1909f56bfc062723c751e8b465ee728b)
Start importing Assets/TextMesh Pro/Resources using Guid(243e06394e614e5d99fab26083b707fa) Importer(815301076,1909f56bfc062723c751e8b465ee728b)  -> (artifact id: 'b2c36a6349224b0ebebc1e51428e6fea') in 0.000637 seconds
Number of updated asset objects reloaded before import = 0
Number of asset objects unloaded after import = 0
========================================================================
Received Import Request.
  Time since last request: 0.095271 seconds.
  path: Assets/TextMesh Pro/Resources/TMP Settings.asset
  artifactKey: Guid(3f5b5dff67a942289a9defa416b206f3) Importer(815301076,1909f56bfc062723c751e8b465ee728b)
Start importing Assets/TextMesh Pro/Resources/TMP Settings.asset using Guid(3f5b5dff67a942289a9defa416b206f3) Importer(815301076,1909f56bfc062723c751e8b465ee728b)  -> (artifact id: '03ea1972c79e2717dc61467c8ce2277e') in 0.053585 seconds
Number of updated asset objects reloaded before import = 0
Number of asset objects unloaded after import = 15
========================================================================
Received Import Request.
  Time since last request: 3.854829 seconds.
  path: Assets/Texture Bricks 'n Blocks/Materials
  artifactKey: Guid(3fc62a9d17b8eba43bb6f7b77ae4b33e) Importer(815301076,1909f56bfc062723c751e8b465ee728b)
Start importing Assets/Texture Bricks 'n Blocks/Materials using Guid(3fc62a9d17b8eba43bb6f7b77ae4b33e) Importer(815301076,1909f56bfc062723c751e8b465ee728b)  -> (artifact id: 'a945b6e236a826597f58f9bf4d8dedd1') in 0.000605 seconds
Number of updated asset objects reloaded before import = 0
Number of asset objects unloaded after import = 0
========================================================================
Received Import Request.
  Time since last request: 312.471580 seconds.
  path: Assets/TextMesh Pro/Resources/Sprite Assets/EmojiOne.asset
  artifactKey: Guid(c41005c129ba4d66911b75229fd70b45) Importer(815301076,1909f56bfc062723c751e8b465ee728b)
Start importing Assets/TextMesh Pro/Resources/Sprite Assets/EmojiOne.asset using Guid(c41005c129ba4d66911b75229fd70b45) Importer(815301076,1909f56bfc062723c751e8b465ee728b)  -> (artifact id: '49f57928ea3e50016ba38984b95b8e5d') in 0.002294 seconds
Number of updated asset objects reloaded before import = 0
Number of asset objects unloaded after import = 3
========================================================================
Received Import Request.
  Time since last request: 1.511172 seconds.
  path: Assets/TextMesh Pro/Resources/Style Sheets/Default Style Sheet.asset
  artifactKey: Guid(f952c082cb03451daed3ee968ac6c63e) Importer(815301076,1909f56bfc062723c751e8b465ee728b)
Start importing Assets/TextMesh Pro/Resources/Style Sheets/Default Style Sheet.asset using Guid(f952c082cb03451daed3ee968ac6c63e) Importer(815301076,1909f56bfc062723c751e8b465ee728b)  -> (artifact id: 'af00edb55e05cf3e37977090ae9927d6') in 0.001486 seconds
Number of updated asset objects reloaded before import = 0
Number of asset objects unloaded after import = 1
========================================================================
Received Import Request.
  Time since last request: 0.572602 seconds.
  path: Assets/TextMesh Pro/Shaders/TMPro.cginc
  artifactKey: Guid(407bc68d299748449bbf7f48ee690f8d) Importer(815301076,1909f56bfc062723c751e8b465ee728b)
Start importing Assets/TextMesh Pro/Shaders/TMPro.cginc using Guid(407bc68d299748449bbf7f48ee690f8d) Importer(815301076,1909f56bfc062723c751e8b465ee728b)  -> (artifact id: 'b2f603c20fc83149d951696e0b5ff78e') in 0.001142 seconds
Number of updated asset objects reloaded before import = 0
Number of asset objects unloaded after import = 1
========================================================================
Received Import Request.
  Time since last request: 0.003623 seconds.
  path: Assets/TextMesh Pro/Shaders/TMPro_Mobile.cginc
  artifactKey: Guid(c334973cef89a9840b0b0c507e0377ab) Importer(815301076,1909f56bfc062723c751e8b465ee728b)
Start importing Assets/TextMesh Pro/Shaders/TMPro_Mobile.cginc using Guid(c334973cef89a9840b0b0c507e0377ab) Importer(815301076,1909f56bfc062723c751e8b465ee728b)  -> (artifact id: 'ed4948e3d3b156c358d774882348c13a') in 0.000950 seconds
Number of updated asset objects reloaded before import = 0
Number of asset objects unloaded after import = 1
========================================================================
Received Import Request.
  Time since last request: 0.002886 seconds.
  path: Assets/TextMesh Pro/Shaders/TMPro_Properties.cginc
  artifactKey: Guid(3997e2241185407d80309a82f9148466) Importer(815301076,1909f56bfc062723c751e8b465ee728b)
Start importing Assets/TextMesh Pro/Shaders/TMPro_Properties.cginc using Guid(3997e2241185407d80309a82f9148466) Importer(815301076,1909f56bfc062723c751e8b465ee728b)  -> (artifact id: 'fb17b39ab37ff5c4a0c347358e9d790f') in 0.000895 seconds
Number of updated asset objects reloaded before import = 0
Number of asset objects unloaded after import = 1
========================================================================
Received Import Request.
  Time since last request: 0.002852 seconds.
  path: Assets/TextMesh Pro/Shaders/TMPro_Surface.cginc
  artifactKey: Guid(d930090c0cd643c7b55f19a38538c162) Importer(815301076,1909f56bfc062723c751e8b465ee728b)
Start importing Assets/TextMesh Pro/Shaders/TMPro_Surface.cginc using Guid(d930090c0cd643c7b55f19a38538c162) Importer(815301076,1909f56bfc062723c751e8b465ee728b)  -> (artifact id: '9c686a485411b244d6b24147d7663491') in 0.000848 seconds
Number of updated asset objects reloaded before import = 0
Number of asset objects unloaded after import = 1
========================================================================
Received Import Request.
  Time since last request: 261.637911 seconds.
  path: Assets/TextMesh Pro/Sprites/EmojiOne.png
  artifactKey: Guid(dffef66376be4fa480fb02b19edbe903) Importer(815301076,1909f56bfc062723c751e8b465ee728b)
Start importing Assets/TextMesh Pro/Sprites/EmojiOne.png using Guid(dffef66376be4fa480fb02b19edbe903) Importer(815301076,1909f56bfc062723c751e8b465ee728b)  -> (artifact id: 'd561f6893285eb56121731527b8748f5') in 0.027813 seconds
Number of updated asset objects reloaded before import = 0
Number of asset objects unloaded after import = 2
========================================================================
Received Import Request.
  Time since last request: 63.350089 seconds.
  path: Assets/Texture Bricks 'n Blocks/Materials/Brick_cobble_whitegrout_diffuseOriginal.mat
  artifactKey: Guid(a9b48f941e284d44c9e50faefdcf1517) Importer(815301076,1909f56bfc062723c751e8b465ee728b)
Start importing Assets/Texture Bricks 'n Blocks/Materials/Brick_cobble_whitegrout_diffuseOriginal.mat using Guid(a9b48f941e284d44c9e50faefdcf1517) Importer(815301076,1909f56bfc062723c751e8b465ee728b)  -> (artifact id: '124334422b377777bea2fd56b3a8e712') in 0.031658 seconds
Number of updated asset objects reloaded before import = 0
Number of asset objects unloaded after import = 4
========================================================================
Received Import Request.
  Time since last request: 305.269430 seconds.
  path: Assets/Darth_Artisan/Free_Trees
  artifactKey: Guid(b7aee0f11d1aa466daa952466d59cae8) Importer(815301076,1909f56bfc062723c751e8b465ee728b)
Start importing Assets/Darth_Artisan/Free_Trees using Guid(b7aee0f11d1aa466daa952466d59cae8) Importer(815301076,1909f56bfc062723c751e8b465ee728b)  -> (artifact id: 'db8bad76ed4ad76d71bad6e54467e14a') in 0.000628 seconds
Number of updated asset objects reloaded before import = 0
Number of asset objects unloaded after import = 0
========================================================================
Received Import Request.
  Time since last request: 1.164032 seconds.
  path: Assets/Darth_Artisan/Free_Trees/Prefabs
  artifactKey: Guid(2365d38fec1724d4199604c670e1f4a6) Importer(815301076,1909f56bfc062723c751e8b465ee728b)
Start importing Assets/Darth_Artisan/Free_Trees/Prefabs using Guid(2365d38fec1724d4199604c670e1f4a6) Importer(815301076,1909f56bfc062723c751e8b465ee728b)  -> (artifact id: '37d6b35e1da227abbf338175b0599d1d') in 0.000586 seconds
Number of updated asset objects reloaded before import = 0
Number of asset objects unloaded after import = 0
========================================================================
Received Import Request.
  Time since last request: 3.883916 seconds.
  path: Assets/LowlyPoly/Free Stylized Textures
  artifactKey: Guid(07a6929d3e5614146a7abb90c8f103f3) Importer(815301076,1909f56bfc062723c751e8b465ee728b)
Start importing Assets/LowlyPoly/Free Stylized Textures using Guid(07a6929d3e5614146a7abb90c8f103f3) Importer(815301076,1909f56bfc062723c751e8b465ee728b)  -> (artifact id: '944a63a2ad0b93047e26731de6256388') in 0.000486 seconds
Number of updated asset objects reloaded before import = 0
Number of asset objects unloaded after import = 0
========================================================================
Received Import Request.
  Time since last request: 0.936107 seconds.
  path: Assets/LowlyPoly/Free Stylized Textures/Materials
  artifactKey: Guid(be4a79b8d4889a84ba17d42e930993c7) Importer(815301076,1909f56bfc062723c751e8b465ee728b)
Start importing Assets/LowlyPoly/Free Stylized Textures/Materials using Guid(be4a79b8d4889a84ba17d42e930993c7) Importer(815301076,1909f56bfc062723c751e8b465ee728b)  -> (artifact id: 'ee7100dee17e8c393ba6dc01e8970eea') in 0.000518 seconds
Number of updated asset objects reloaded before import = 0
Number of asset objects unloaded after import = 0
========================================================================
Received Import Request.
  Time since last request: 0.047672 seconds.
  path: Assets/LowlyPoly/Free Stylized Textures/Materials/Vol_2_3_Wood.mat
  artifactKey: Guid(e2782bd09fb749e4f8c457cb9c8cc6cd) Importer(815301076,1909f56bfc062723c751e8b465ee728b)
Start importing Assets/LowlyPoly/Free Stylized Textures/Materials/Vol_2_3_Wood.mat using Guid(e2782bd09fb749e4f8c457cb9c8cc6cd) Importer(815301076,1909f56bfc062723c751e8b465ee728b)  -> (artifact id: '6c598c8cfd60c30ec2bff565d7bc66fc') in 0.298791 seconds
Number of updated asset objects reloaded before import = 0
Number of asset objects unloaded after import = 5
========================================================================
Received Import Request.
  Time since last request: 0.000024 seconds.
  path: Assets/LowlyPoly/Free Stylized Textures/Materials/Vol_16_2_Sand.mat
  artifactKey: Guid(49f3385eb1c319941be8623439f1eb49) Importer(815301076,1909f56bfc062723c751e8b465ee728b)
Start importing Assets/LowlyPoly/Free Stylized Textures/Materials/Vol_16_2_Sand.mat using Guid(49f3385eb1c319941be8623439f1eb49) Importer(815301076,1909f56bfc062723c751e8b465ee728b)  -> (artifact id: '50ec0ef4a931e714948a3f383d2b1036') in 0.039040 seconds
Number of updated asset objects reloaded before import = 0
Number of asset objects unloaded after import = 5
========================================================================
Received Import Request.
  Time since last request: 0.000036 seconds.
  path: Assets/LowlyPoly/Free Stylized Textures/Materials/Vol_27_4_Lava.mat
  artifactKey: Guid(7ea77b3e49c1d61409582be7e98d0d61) Importer(815301076,1909f56bfc062723c751e8b465ee728b)
Start importing Assets/LowlyPoly/Free Stylized Textures/Materials/Vol_27_4_Lava.mat using Guid(7ea77b3e49c1d61409582be7e98d0d61) Importer(815301076,1909f56bfc062723c751e8b465ee728b)  -> (artifact id: 'd79b3ad72de68377f8bbb6708735f9ad') in 0.025022 seconds
Number of updated asset objects reloaded before import = 0
Number of asset objects unloaded after import = 5
========================================================================
Received Import Request.
  Time since last request: 0.000024 seconds.
  path: Assets/LowlyPoly/Free Stylized Textures/Materials/Vol_34_2_Tiles.mat
  artifactKey: Guid(ebabfdf81fc72414f9921cfe2ed4b652) Importer(815301076,1909f56bfc062723c751e8b465ee728b)
Start importing Assets/LowlyPoly/Free Stylized Textures/Materials/Vol_34_2_Tiles.mat using Guid(ebabfdf81fc72414f9921cfe2ed4b652) Importer(815301076,1909f56bfc062723c751e8b465ee728b)  -> (artifact id: 'd732079c479df31f6ab4895545bcda21') in 0.187477 seconds
Number of updated asset objects reloaded before import = 0
Number of asset objects unloaded after import = 5
========================================================================
Received Import Request.
  Time since last request: 0.000021 seconds.
  path: Assets/LowlyPoly/Free Stylized Textures/Materials/Vol_23_1_Rocks.mat
  artifactKey: Guid(43ca10b6d3421d546832de715a9d893f) Importer(815301076,1909f56bfc062723c751e8b465ee728b)
Start importing Assets/LowlyPoly/Free Stylized Textures/Materials/Vol_23_1_Rocks.mat using Guid(43ca10b6d3421d546832de715a9d893f) Importer(815301076,1909f56bfc062723c751e8b465ee728b)  -> (artifact id: 'b24553cc33567a84e31d3cf2db75dc6d') in 0.021993 seconds
Number of updated asset objects reloaded before import = 0
Number of asset objects unloaded after import = 5
========================================================================
Received Import Request.
  Time since last request: 0.000027 seconds.
  path: Assets/LowlyPoly/Free Stylized Textures/Materials/Vol_42_1_Vegetation.mat
  artifactKey: Guid(9c3435b7cf3210044b3a24266d8aebf1) Importer(815301076,1909f56bfc062723c751e8b465ee728b)
Start importing Assets/LowlyPoly/Free Stylized Textures/Materials/Vol_42_1_Vegetation.mat using Guid(9c3435b7cf3210044b3a24266d8aebf1) Importer(815301076,1909f56bfc062723c751e8b465ee728b)  -> (artifact id: '3335b9df645d52dd37e0ad8c122c5ed6') in 0.025096 seconds
Number of updated asset objects reloaded before import = 0
Number of asset objects unloaded after import = 6
========================================================================
Received Import Request.
  Time since last request: 0.000023 seconds.
  path: Assets/LowlyPoly/Free Stylized Textures/Materials/Vol_49_5_Rocks.mat
  artifactKey: Guid(67436367136736141b5c7e131555c4d1) Importer(815301076,1909f56bfc062723c751e8b465ee728b)
Start importing Assets/LowlyPoly/Free Stylized Textures/Materials/Vol_49_5_Rocks.mat using Guid(67436367136736141b5c7e131555c4d1) Importer(815301076,1909f56bfc062723c751e8b465ee728b)  -> (artifact id: '1fe7374e2fb3e443b917afddc03d7ac2') in 0.024761 seconds
Number of updated asset objects reloaded before import = 0
Number of asset objects unloaded after import = 6
========================================================================
Received Import Request.
  Time since last request: 0.000021 seconds.
  path: Assets/LowlyPoly/Free Stylized Textures/Materials/Vol_67_3_Tile.mat
  artifactKey: Guid(b45a15fff385e4a46ab2bf7a9b0214e8) Importer(815301076,1909f56bfc062723c751e8b465ee728b)
Start importing Assets/LowlyPoly/Free Stylized Textures/Materials/Vol_67_3_Tile.mat using Guid(b45a15fff385e4a46ab2bf7a9b0214e8) Importer(815301076,1909f56bfc062723c751e8b465ee728b)  -> (artifact id: 'ab5d65cf6ac632338fb8253a524fe298') in 0.022215 seconds
Number of updated asset objects reloaded before import = 0
Number of asset objects unloaded after import = 6
========================================================================
Received Import Request.
  Time since last request: 0.000017 seconds.
  path: Assets/LowlyPoly/Free Stylized Textures/Materials/Vol_81_3_Sci-fi.mat
  artifactKey: Guid(d12d326c7ff660a40aed23b21d98c6ad) Importer(815301076,1909f56bfc062723c751e8b465ee728b)
Start importing Assets/LowlyPoly/Free Stylized Textures/Materials/Vol_81_3_Sci-fi.mat using Guid(d12d326c7ff660a40aed23b21d98c6ad) Importer(815301076,1909f56bfc062723c751e8b465ee728b)  -> (artifact id: '8b16eaec174bfbd08a96bd5fc96a2d2b') in 0.255787 seconds
Number of updated asset objects reloaded before import = 0
Number of asset objects unloaded after import = 6
========================================================================
Received Import Request.
  Time since last request: 0.000022 seconds.
  path: Assets/LowlyPoly/Free Stylized Textures/Materials/Vol_79_5_Sci-fi.mat
  artifactKey: Guid(378426c27b3a38f4f9e38126b22973fc) Importer(815301076,1909f56bfc062723c751e8b465ee728b)
Start importing Assets/LowlyPoly/Free Stylized Textures/Materials/Vol_79_5_Sci-fi.mat using Guid(378426c27b3a38f4f9e38126b22973fc) Importer(815301076,1909f56bfc062723c751e8b465ee728b)  -> (artifact id: '1b08b9df15165cb1ee7f8742bb290c21') in 0.025710 seconds
Number of updated asset objects reloaded before import = 0
Number of asset objects unloaded after import = 6
========================================================================
Received Import Request.
  Time since last request: 0.000026 seconds.
  path: Assets/LowlyPoly/Free Stylized Textures/Materials/Vol_30_3_Roofs.mat
  artifactKey: Guid(78f6c3f1d47eef84f9ee5e607fad4c0c) Importer(815301076,1909f56bfc062723c751e8b465ee728b)
Start importing Assets/LowlyPoly/Free Stylized Textures/Materials/Vol_30_3_Roofs.mat using Guid(78f6c3f1d47eef84f9ee5e607fad4c0c) Importer(815301076,1909f56bfc062723c751e8b465ee728b)  -> (artifact id: '9218087e043761e5a9aaa1f0e5d47364') in 0.022310 seconds
Number of updated asset objects reloaded before import = 0
Number of asset objects unloaded after import = 5
========================================================================
Received Import Request.
  Time since last request: 0.000021 seconds.
  path: Assets/LowlyPoly/Free Stylized Textures/Materials/Vol_18_2_Metals.mat
  artifactKey: Guid(118675f9ee3b22c43a2f8841d6206b1b) Importer(815301076,1909f56bfc062723c751e8b465ee728b)
Start importing Assets/LowlyPoly/Free Stylized Textures/Materials/Vol_18_2_Metals.mat using Guid(118675f9ee3b22c43a2f8841d6206b1b) Importer(815301076,1909f56bfc062723c751e8b465ee728b)  -> (artifact id: 'e875c32ef49d32894aa6856d5b523c4e') in 0.021068 seconds
Number of updated asset objects reloaded before import = 0
Number of asset objects unloaded after import = 5
========================================================================
Received Import Request.
  Time since last request: 0.000017 seconds.
  path: Assets/LowlyPoly/Free Stylized Textures/Materials/Vol_46_2_Tiles.mat
  artifactKey: Guid(7f46efa3bb98bb44ea780a4a417b4f75) Importer(815301076,1909f56bfc062723c751e8b465ee728b)
Start importing Assets/LowlyPoly/Free Stylized Textures/Materials/Vol_46_2_Tiles.mat using Guid(7f46efa3bb98bb44ea780a4a417b4f75) Importer(815301076,1909f56bfc062723c751e8b465ee728b)  -> (artifact id: 'a5da55398a5b02a0a6b3d85e2d67cb04') in 0.024197 seconds
Number of updated asset objects reloaded before import = 0
Number of asset objects unloaded after import = 6
========================================================================
Received Import Request.
  Time since last request: 0.000017 seconds.
  path: Assets/LowlyPoly/Free Stylized Textures/Materials/Vol_36_5_Water.mat
  artifactKey: Guid(490c25b2fda35fc4582a9582c4179ad5) Importer(815301076,1909f56bfc062723c751e8b465ee728b)
Start importing Assets/LowlyPoly/Free Stylized Textures/Materials/Vol_36_5_Water.mat using Guid(490c25b2fda35fc4582a9582c4179ad5) Importer(815301076,1909f56bfc062723c751e8b465ee728b)  -> (artifact id: '5dbe5545d09f1d5e08e67bd8dc6e50c0') in 0.024492 seconds
Number of updated asset objects reloaded before import = 0
Number of asset objects unloaded after import = 6
Editor requested this worker to shutdown with reason: Scaling down because of idle timeout
TcpMessagingSession - receive error: operation aborted. errorcode: 995, details: The I/O operation has been aborted because of either a thread exit or an application request.
AssetImportWorker is now disconnected from the server
Process exiting
Exiting without the bug reporter. Application will terminate with return code 0