Using pre-set license
Built from '2022.3/staging' branch; Version is '2022.3.1f1 (f18e0c1b5784) revision 15830540'; Using compiler version '192829333'; Build Type 'Release'
OS: 'Windows 10  (10.0.19045) 64bit Professional' Language: 'en' Physical Memory: 16253 MB
BatchMode: 1, IsHumanControllingUs: 0, StartBugReporterOnCrash: 0, Is64bit: 1, IsPro: 1

COMMAND LINE ARGUMENTS:
C:\Program Files\Unity\Hub\Editor\2022.3.1f1\Editor\Unity.exe
-adb2
-batchMode
-noUpm
-name
AssetImportWorker3
-projectPath
C:/Users/omar-/OneDrive/Documentos/Unity Projects/BombEscape/Bomb Escape
-logFile
Logs/AssetImportWorker3.log
-srvPort
53664
Successfully changed project path to: C:/Users/omar-/OneDrive/Documentos/Unity Projects/BombEscape/Bomb Escape
C:/Users/omar-/OneDrive/Documentos/Unity Projects/BombEscape/Bomb Escape
[UnityMemory] Configuration Parameters - Can be set up in boot.config
    "memorysetup-bucket-allocator-granularity=16"
    "memorysetup-bucket-allocator-bucket-count=8"
    "memorysetup-bucket-allocator-block-size=33554432"
    "memorysetup-bucket-allocator-block-count=8"
    "memorysetup-main-allocator-block-size=16777216"
    "memorysetup-thread-allocator-block-size=16777216"
    "memorysetup-gfx-main-allocator-block-size=16777216"
    "memorysetup-gfx-thread-allocator-block-size=16777216"
    "memorysetup-cache-allocator-block-size=4194304"
    "memorysetup-typetree-allocator-block-size=2097152"
    "memorysetup-profiler-bucket-allocator-granularity=16"
    "memorysetup-profiler-bucket-allocator-bucket-count=8"
    "memorysetup-profiler-bucket-allocator-block-size=33554432"
    "memorysetup-profiler-bucket-allocator-block-count=8"
    "memorysetup-profiler-allocator-block-size=16777216"
    "memorysetup-profiler-editor-allocator-block-size=1048576"
    "memorysetup-temp-allocator-size-main=16777216"
    "memorysetup-job-temp-allocator-block-size=2097152"
    "memorysetup-job-temp-allocator-block-size-background=1048576"
    "memorysetup-job-temp-allocator-reduction-small-platforms=262144"
    "memorysetup-allocator-temp-initial-block-size-main=262144"
    "memorysetup-allocator-temp-initial-block-size-worker=262144"
    "memorysetup-temp-allocator-size-background-worker=32768"
    "memorysetup-temp-allocator-size-job-worker=262144"
    "memorysetup-temp-allocator-size-preload-manager=33554432"
    "memorysetup-temp-allocator-size-nav-mesh-worker=65536"
    "memorysetup-temp-allocator-size-audio-worker=65536"
    "memorysetup-temp-allocator-size-cloud-worker=32768"
    "memorysetup-temp-allocator-size-gi-baking-worker=262144"
    "memorysetup-temp-allocator-size-gfx=262144"
Player connection [29480] Host "[IP] 192.168.1.144 [Port] 0 [Flags] 2 [Guid] 3576089004 [EditorId] 3576089004 [Version] 1048832 [Id] WindowsEditor(7,OMAR) [Debug] 1 [PackageName] WindowsEditor [ProjectName] Editor" joined multi-casting on [225.0.0.222:54997]...

Player connection [29480] Host "[IP] 192.168.1.144 [Port] 0 [Flags] 2 [Guid] 3576089004 [EditorId] 3576089004 [Version] 1048832 [Id] WindowsEditor(7,OMAR) [Debug] 1 [PackageName] WindowsEditor [ProjectName] Editor" joined alternative multi-casting on [225.0.0.222:34997]...

Refreshing native plugins compatible for Editor in 9.70 ms, found 3 plugins.
Preloading 0 native plugins for Editor in 0.00 ms.
Initialize engine version: 2022.3.1f1 (f18e0c1b5784)
[Subsystems] Discovering subsystems at path C:/Program Files/Unity/Hub/Editor/2022.3.1f1/Editor/Data/Resources/UnitySubsystems
[Subsystems] Discovering subsystems at path C:/Users/omar-/OneDrive/Documentos/Unity Projects/BombEscape/Bomb Escape/Assets
GfxDevice: creating device client; threaded=0; jobified=0
Direct3D:
    Version:  Direct3D 11.0 [level 11.1]
    Renderer: NVIDIA GeForce RTX 3060 Ti (ID=0x2489)
    Vendor:   NVIDIA
    VRAM:     8038 MB
    Driver:   31.0.15.3623
Initialize mono
Mono path[0] = 'C:/Program Files/Unity/Hub/Editor/2022.3.1f1/Editor/Data/Managed'
Mono path[1] = 'C:/Program Files/Unity/Hub/Editor/2022.3.1f1/Editor/Data/MonoBleedingEdge/lib/mono/unityjit-win32'
Mono config path = 'C:/Program Files/Unity/Hub/Editor/2022.3.1f1/Editor/Data/MonoBleedingEdge/etc'
Using monoOptions --debugger-agent=transport=dt_socket,embedding=1,server=y,suspend=n,address=127.0.0.1:56824
Begin MonoManager ReloadAssembly
Registering precompiled unity dll's ...
Register platform support module: C:/Program Files/Unity/Hub/Editor/2022.3.1f1/Editor/Data/PlaybackEngines/WindowsStandaloneSupport/UnityEditor.WindowsStandalone.Extensions.dll
Registered in 0.008424 seconds.
- Loaded All Assemblies, in  0.272 seconds
Native extension for WindowsStandalone target not found
Mono: successfully reloaded assembly
- Finished resetting the current domain, in  0.228 seconds
Domain Reload Profiling: 498ms
	BeginReloadAssembly (76ms)
		ExecutionOrderSort (0ms)
		DisableScriptedObjects (0ms)
		BackupInstance (0ms)
		ReleaseScriptingObjects (0ms)
		CreateAndSetChildDomain (1ms)
	RebuildCommonClasses (27ms)
	RebuildNativeTypeToScriptingClass (8ms)
	initialDomainReloadingComplete (53ms)
	LoadAllAssembliesAndSetupDomain (107ms)
		LoadAssemblies (73ms)
		RebuildTransferFunctionScriptingTraits (0ms)
		AnalyzeDomain (101ms)
			TypeCache.Refresh (100ms)
				TypeCache.ScanAssembly (89ms)
			ScanForSourceGeneratedMonoScriptInfo (0ms)
			ResolveRequiredComponents (1ms)
	FinalizeReload (228ms)
		ReleaseScriptCaches (0ms)
		RebuildScriptCaches (0ms)
		SetupLoadedEditorAssemblies (176ms)
			LogAssemblyErrors (0ms)
			InitializePlatformSupportModulesInManaged (9ms)
			SetLoadedEditorAssemblies (7ms)
			RefreshPlugins (0ms)
			BeforeProcessingInitializeOnLoad (2ms)
			ProcessInitializeOnLoadAttributes (117ms)
			ProcessInitializeOnLoadMethodAttributes (41ms)
			AfterProcessingInitializeOnLoad (0ms)
			EditorAssembliesLoaded (0ms)
		ExecutionOrderSort2 (0ms)
		AwakeInstancesAfterBackupRestoration (0ms)
========================================================================
Worker process is ready to serve import requests
Begin MonoManager ReloadAssembly
Symbol file LoadedFromMemory doesn't match image C:\Users\omar-\OneDrive\Documentos\Unity Projects\BombEscape\Bomb Escape\Library\PackageCache\com.unity.visualscripting@1.8.0\Editor\VisualScripting.Core\Dependencies\YamlDotNet\Unity.VisualScripting.YamlDotNet.dll
Symbol file LoadedFromMemory doesn't match image C:\Users\omar-\OneDrive\Documentos\Unity Projects\BombEscape\Bomb Escape\Library\PackageCache\com.unity.visualscripting@1.8.0\Editor\VisualScripting.Core\Dependencies\DotNetZip\Unity.VisualScripting.IonicZip.dll
- Loaded All Assemblies, in  0.628 seconds
Refreshing native plugins compatible for Editor in 3.47 ms, found 3 plugins.
Native extension for WindowsStandalone target not found
Mono: successfully reloaded assembly
- Finished resetting the current domain, in  0.457 seconds
Domain Reload Profiling: 1082ms
	BeginReloadAssembly (112ms)
		ExecutionOrderSort (0ms)
		DisableScriptedObjects (5ms)
		BackupInstance (0ms)
		ReleaseScriptingObjects (0ms)
		CreateAndSetChildDomain (22ms)
	RebuildCommonClasses (25ms)
	RebuildNativeTypeToScriptingClass (8ms)
	initialDomainReloadingComplete (39ms)
	LoadAllAssembliesAndSetupDomain (440ms)
		LoadAssemblies (258ms)
		RebuildTransferFunctionScriptingTraits (0ms)
		AnalyzeDomain (231ms)
			TypeCache.Refresh (215ms)
				TypeCache.ScanAssembly (202ms)
			ScanForSourceGeneratedMonoScriptInfo (13ms)
			ResolveRequiredComponents (4ms)
	FinalizeReload (457ms)
		ReleaseScriptCaches (0ms)
		RebuildScriptCaches (0ms)
		SetupLoadedEditorAssemblies (332ms)
			LogAssemblyErrors (0ms)
			InitializePlatformSupportModulesInManaged (6ms)
			SetLoadedEditorAssemblies (5ms)
			RefreshPlugins (0ms)
			BeforeProcessingInitializeOnLoad (76ms)
			ProcessInitializeOnLoadAttributes (219ms)
			ProcessInitializeOnLoadMethodAttributes (18ms)
			AfterProcessingInitializeOnLoad (8ms)
			EditorAssembliesLoaded (0ms)
		ExecutionOrderSort2 (0ms)
		AwakeInstancesAfterBackupRestoration (5ms)
Launched and connected shader compiler UnityShaderCompiler.exe after 0.04 seconds
Refreshing native plugins compatible for Editor in 3.36 ms, found 3 plugins.
Preloading 0 native plugins for Editor in 0.00 ms.
Unloading 3113 Unused Serialized files (Serialized files now loaded: 0)
Unloading 31 unused Assets / (56.7 KB). Loaded Objects now: 3578.
Memory consumption went from 120.4 MB to 120.3 MB.
Total: 2.981300 ms (FindLiveObjects: 0.251400 ms CreateObjectMapping: 0.165900 ms MarkObjects: 2.452500 ms  DeleteObjects: 0.110300 ms)

AssetImportParameters requested are different than current active one (requested -> active):
  custom:container-demuxer-ogg: 62fdf1f143b41e24485cea50d1cbac27 -> 
  custom:video-decoder-ogg-theora: a1e56fd34408186e4bbccfd4996cb3dc -> 
  custom:framework-win-MediaFoundation: 216162199b28c13a410421893ffa2e32 -> 
  custom:container-demuxer-webm: 4f35f7cbe854078d1ac9338744f61a02 -> 
  custom:container-muxer-webm: aa71ff27fc2769a1b78a27578f13a17b -> 
  custom:video-decoder-webm-vp8: 9c59270c3fd7afecdb556c50c9e8de78 -> 
  custom:AudioImporter_EditorPlatform: d09bf68614088b80899f8185d706f6e7 -> 
  custom:video-encoder-webm-vp8: eb34c28f22e8b96e1ab97ce403110664 -> 
  custom:audio-decoder-ogg-vorbis: bf7c407c2cedff20999df2af8eb42d56 -> 
  custom:audio-encoder-webm-vorbis: bf7c407c2cedff20999df2af8eb42d56 -> 
========================================================================
Received Import Request.
  Time since last request: 25198.776066 seconds.
  path: Assets/Tale Monster Cube Env/Meshes/Base_2.asset
  artifactKey: Guid(ea13882c2c7fcf544ad463302d3f7925) Importer(815301076,1909f56bfc062723c751e8b465ee728b)
Start importing Assets/Tale Monster Cube Env/Meshes/Base_2.asset using Guid(ea13882c2c7fcf544ad463302d3f7925) Importer(815301076,1909f56bfc062723c751e8b465ee728b)  -> (artifact id: 'd9fc6f6effe712494834d772082e925b') in 0.108614 seconds
Number of updated asset objects reloaded before import = 0
Number of asset objects unloaded after import = 2
========================================================================
Received Import Request.
  Time since last request: 0.000028 seconds.
  path: Assets/Tale Monster Cube Env/Meshes/Props_1.asset
  artifactKey: Guid(e09a4c6fece17f348aca242101db2139) Importer(815301076,1909f56bfc062723c751e8b465ee728b)
Start importing Assets/Tale Monster Cube Env/Meshes/Props_1.asset using Guid(e09a4c6fece17f348aca242101db2139) Importer(815301076,1909f56bfc062723c751e8b465ee728b)  -> (artifact id: 'f381f1e518d546ea7f48b2e21ad4cf97') in 0.054597 seconds
Number of updated asset objects reloaded before import = 0
Number of asset objects unloaded after import = 2
========================================================================
Received Import Request.
  Time since last request: 0.000027 seconds.
  path: Assets/Tale Monster Cube Env/Meshes/Rock.asset
  artifactKey: Guid(40e2409f4cec12c479853502f15a6013) Importer(815301076,1909f56bfc062723c751e8b465ee728b)
Start importing Assets/Tale Monster Cube Env/Meshes/Rock.asset using Guid(40e2409f4cec12c479853502f15a6013) Importer(815301076,1909f56bfc062723c751e8b465ee728b)  -> (artifact id: 'b78da14c432b4b1ae92ea7d055912016') in 0.035895 seconds
Number of updated asset objects reloaded before import = 0
Number of asset objects unloaded after import = 2
========================================================================
Received Import Request.
  Time since last request: 1.397921 seconds.
  path: Assets/Tale Monster Cube Env/Prefabs/Environment/Rocks_1.prefab
  artifactKey: Guid(73b5d765951dd7c49a59e29e4bda8f80) Importer(815301076,1909f56bfc062723c751e8b465ee728b)
Start importing Assets/Tale Monster Cube Env/Prefabs/Environment/Rocks_1.prefab using Guid(73b5d765951dd7c49a59e29e4bda8f80) Importer(815301076,1909f56bfc062723c751e8b465ee728b)  -> (artifact id: '102e8a5d84f302cc31e80450bcacf0f1') in 0.029442 seconds
Number of updated asset objects reloaded before import = 0
Number of asset objects unloaded after import = 9
========================================================================
Received Import Request.
  Time since last request: 0.000015 seconds.
  path: Assets/Tale Monster Cube Env/Prefabs/Environment/Rocks_5.prefab
  artifactKey: Guid(e9b551c76184320419f587ff8c3e25be) Importer(815301076,1909f56bfc062723c751e8b465ee728b)
Start importing Assets/Tale Monster Cube Env/Prefabs/Environment/Rocks_5.prefab using Guid(e9b551c76184320419f587ff8c3e25be) Importer(815301076,1909f56bfc062723c751e8b465ee728b)  -> (artifact id: '0781eda7feccef5259c9c7c3dcb87b97') in 0.011650 seconds
Number of updated asset objects reloaded before import = 0
Number of asset objects unloaded after import = 9
========================================================================
Received Import Request.
  Time since last request: 0.000021 seconds.
  path: Assets/Tale Monster Cube Env/Prefabs/Environment/Tree_low.prefab
  artifactKey: Guid(32e887198ec03624a8a641266f110843) Importer(815301076,1909f56bfc062723c751e8b465ee728b)
Start importing Assets/Tale Monster Cube Env/Prefabs/Environment/Tree_low.prefab using Guid(32e887198ec03624a8a641266f110843) Importer(815301076,1909f56bfc062723c751e8b465ee728b)  -> (artifact id: '1911cda00bf55bdb6df97c15be92948b') in 0.016526 seconds
Number of updated asset objects reloaded before import = 0
Number of asset objects unloaded after import = 9
========================================================================
Received Import Request.
  Time since last request: 0.000018 seconds.
  path: Assets/Tale Monster Cube Env/Prefabs/Environment/Tree_3.prefab
  artifactKey: Guid(ba6beab635d60d54abeff43810616e63) Importer(815301076,1909f56bfc062723c751e8b465ee728b)
Start importing Assets/Tale Monster Cube Env/Prefabs/Environment/Tree_3.prefab using Guid(ba6beab635d60d54abeff43810616e63) Importer(815301076,1909f56bfc062723c751e8b465ee728b)  -> (artifact id: 'ea8a5f089bd819a354f9fff1c88c8eec') in 0.011411 seconds
Number of updated asset objects reloaded before import = 0
Number of asset objects unloaded after import = 10
========================================================================
Received Import Request.
  Time since last request: 0.000018 seconds.
  path: Assets/Tale Monster Cube Env/Prefabs/Environment/Tree_Cut_2.prefab
  artifactKey: Guid(41aa78ecddbaaed46b10f265d007fd15) Importer(815301076,1909f56bfc062723c751e8b465ee728b)
Start importing Assets/Tale Monster Cube Env/Prefabs/Environment/Tree_Cut_2.prefab using Guid(41aa78ecddbaaed46b10f265d007fd15) Importer(815301076,1909f56bfc062723c751e8b465ee728b)  -> (artifact id: 'd44e1e1167c0aaf55e18fe0ffd0c9b09') in 0.012407 seconds
Number of updated asset objects reloaded before import = 0
Number of asset objects unloaded after import = 9
========================================================================
Received Import Request.
  Time since last request: 1.622586 seconds.
  path: Assets/Tale Monster Cube Env/Prefabs/Complex/Base_2_tall.prefab
  artifactKey: Guid(7f842a3a01eb62746818b5d6641622dd) Importer(815301076,1909f56bfc062723c751e8b465ee728b)
Start importing Assets/Tale Monster Cube Env/Prefabs/Complex/Base_2_tall.prefab using Guid(7f842a3a01eb62746818b5d6641622dd) Importer(815301076,1909f56bfc062723c751e8b465ee728b)  -> (artifact id: 'cb52203680f5a8c11148f5f0a7f52dc5') in 0.014253 seconds
Number of updated asset objects reloaded before import = 0
Number of asset objects unloaded after import = 23
========================================================================
Received Import Request.
  Time since last request: 0.000018 seconds.
  path: Assets/Tale Monster Cube Env/Prefabs/Complex/Base_3_Revert.prefab
  artifactKey: Guid(ed64325c2fda11f4c85b62788dc1b186) Importer(815301076,1909f56bfc062723c751e8b465ee728b)
Start importing Assets/Tale Monster Cube Env/Prefabs/Complex/Base_3_Revert.prefab using Guid(ed64325c2fda11f4c85b62788dc1b186) Importer(815301076,1909f56bfc062723c751e8b465ee728b)  -> (artifact id: 'f160dc4c7a46998aa275a2ab3d6a0b48') in 0.014361 seconds
Number of updated asset objects reloaded before import = 0
Number of asset objects unloaded after import = 23
========================================================================
Received Import Request.
  Time since last request: 0.000017 seconds.
  path: Assets/Tale Monster Cube Env/Prefabs/Complex/Base_tall.prefab
  artifactKey: Guid(f5afe6ece1be7aa4f80b85d6a40fcc2a) Importer(815301076,1909f56bfc062723c751e8b465ee728b)
Start importing Assets/Tale Monster Cube Env/Prefabs/Complex/Base_tall.prefab using Guid(f5afe6ece1be7aa4f80b85d6a40fcc2a) Importer(815301076,1909f56bfc062723c751e8b465ee728b)  -> (artifact id: '1620a2a9ec5ea6d47758599c7f6259e6') in 0.013734 seconds
Number of updated asset objects reloaded before import = 0
Number of asset objects unloaded after import = 23
========================================================================
Received Import Request.
  Time since last request: 0.000017 seconds.
  path: Assets/Tale Monster Cube Env/Prefabs/Complex/Base_4.prefab
  artifactKey: Guid(867aee9deae4d3945937fa8ae8668c0d) Importer(815301076,1909f56bfc062723c751e8b465ee728b)
Start importing Assets/Tale Monster Cube Env/Prefabs/Complex/Base_4.prefab using Guid(867aee9deae4d3945937fa8ae8668c0d) Importer(815301076,1909f56bfc062723c751e8b465ee728b)  -> (artifact id: '197d0d862ae9286805d91ef264298866') in 0.018740 seconds
Number of updated asset objects reloaded before import = 0
Number of asset objects unloaded after import = 23
========================================================================
Received Import Request.
  Time since last request: 0.000120 seconds.
  path: Assets/Tale Monster Cube Env/Prefabs/Complex/Base_9.prefab
  artifactKey: Guid(a1d346d8e49157640a865618f141d10e) Importer(815301076,1909f56bfc062723c751e8b465ee728b)
Start importing Assets/Tale Monster Cube Env/Prefabs/Complex/Base_9.prefab using Guid(a1d346d8e49157640a865618f141d10e) Importer(815301076,1909f56bfc062723c751e8b465ee728b)  -> (artifact id: 'e535f30007681d5f646968f36f60c173') in 0.016851 seconds
Number of updated asset objects reloaded before import = 0
Number of asset objects unloaded after import = 23
========================================================================
Received Import Request.
  Time since last request: 1.620060 seconds.
  path: Assets/Tale Monster Cube Env/Prefabs/Props/Castle_part.prefab
  artifactKey: Guid(3fd18f2eb1c0ae24c954ec071bd8d054) Importer(815301076,1909f56bfc062723c751e8b465ee728b)
Start importing Assets/Tale Monster Cube Env/Prefabs/Props/Castle_part.prefab using Guid(3fd18f2eb1c0ae24c954ec071bd8d054) Importer(815301076,1909f56bfc062723c751e8b465ee728b)  -> (artifact id: 'd3d3760efaaea755d515a797fcbcbf81') in 0.027519 seconds
Number of updated asset objects reloaded before import = 0
Number of asset objects unloaded after import = 9
========================================================================
Received Import Request.
  Time since last request: 0.000015 seconds.
  path: Assets/Tale Monster Cube Env/Prefabs/Props/Leder_Bottom.prefab
  artifactKey: Guid(5e1ff703574530d448cfd71c173d7cd5) Importer(815301076,1909f56bfc062723c751e8b465ee728b)
Start importing Assets/Tale Monster Cube Env/Prefabs/Props/Leder_Bottom.prefab using Guid(5e1ff703574530d448cfd71c173d7cd5) Importer(815301076,1909f56bfc062723c751e8b465ee728b)  -> (artifact id: 'c2c9956b8e7cf4607def60df3a3cde41') in 0.017534 seconds
Number of updated asset objects reloaded before import = 0
Number of asset objects unloaded after import = 9
========================================================================
Received Import Request.
  Time since last request: 0.000016 seconds.
  path: Assets/Tale Monster Cube Env/Prefabs/Props/Lader_Full_2.prefab
  artifactKey: Guid(3e72121ba837f274d962ab6f6fcd5d9f) Importer(815301076,1909f56bfc062723c751e8b465ee728b)
Start importing Assets/Tale Monster Cube Env/Prefabs/Props/Lader_Full_2.prefab using Guid(3e72121ba837f274d962ab6f6fcd5d9f) Importer(815301076,1909f56bfc062723c751e8b465ee728b)  -> (artifact id: '83fe2e8d56da82406988eca032025e67') in 0.022973 seconds
Number of updated asset objects reloaded before import = 0
Number of asset objects unloaded after import = 10
========================================================================
Received Import Request.
  Time since last request: 0.000020 seconds.
  path: Assets/Tale Monster Cube Env/Prefabs/Props/Props_1.prefab
  artifactKey: Guid(5c01dc93a04f3d240b6de1848b332f15) Importer(815301076,1909f56bfc062723c751e8b465ee728b)
Start importing Assets/Tale Monster Cube Env/Prefabs/Props/Props_1.prefab using Guid(5c01dc93a04f3d240b6de1848b332f15) Importer(815301076,1909f56bfc062723c751e8b465ee728b)  -> (artifact id: 'c41a3c1edae27ebb5351dc01462a9445') in 0.040624 seconds
Number of updated asset objects reloaded before import = 0
Number of asset objects unloaded after import = 9
========================================================================
Received Import Request.
  Time since last request: 3.081130 seconds.
  path: Assets/Tale Monster Cube Env/Prefabs/Top/Top_4_complex.prefab
  artifactKey: Guid(3b992ee762db5b244abb770e478f1ce5) Importer(815301076,1909f56bfc062723c751e8b465ee728b)
Start importing Assets/Tale Monster Cube Env/Prefabs/Top/Top_4_complex.prefab using Guid(3b992ee762db5b244abb770e478f1ce5) Importer(815301076,1909f56bfc062723c751e8b465ee728b)  -> (artifact id: 'aa4cf858928be53d1adb0b4f38aba7ed') in 0.021310 seconds
Number of updated asset objects reloaded before import = 0
Number of asset objects unloaded after import = 9
========================================================================
Received Import Request.
  Time since last request: 0.000016 seconds.
  path: Assets/Tale Monster Cube Env/Prefabs/Top/Top_6.prefab
  artifactKey: Guid(b09ee3a808edd894ebb48a82c03b4be9) Importer(815301076,1909f56bfc062723c751e8b465ee728b)
Start importing Assets/Tale Monster Cube Env/Prefabs/Top/Top_6.prefab using Guid(b09ee3a808edd894ebb48a82c03b4be9) Importer(815301076,1909f56bfc062723c751e8b465ee728b)  -> (artifact id: '1aeec3ce4aac31869600244ca0ab93fa') in 0.056387 seconds
Number of updated asset objects reloaded before import = 0
Number of asset objects unloaded after import = 9
========================================================================
Received Import Request.
  Time since last request: 14.026070 seconds.
  path: Assets/Tale Monster Cube Env/Meshes/Rocks_4.asset
  artifactKey: Guid(4be7056de9559824b9e487c57463046a) Importer(815301076,1909f56bfc062723c751e8b465ee728b)
Start importing Assets/Tale Monster Cube Env/Meshes/Rocks_4.asset using Guid(4be7056de9559824b9e487c57463046a) Importer(815301076,1909f56bfc062723c751e8b465ee728b)  -> (artifact id: 'a6e513b5dcdd428dfe4edebe550d8891') in 0.010529 seconds
Number of updated asset objects reloaded before import = 0
Number of asset objects unloaded after import = 2
========================================================================
Received Import Request.
  Time since last request: 0.000017 seconds.
  path: Assets/Tale Monster Cube Env/Meshes/Rocks_5.asset
  artifactKey: Guid(6177e76834d6d2849b2c9d8f56c44085) Importer(815301076,1909f56bfc062723c751e8b465ee728b)
Start importing Assets/Tale Monster Cube Env/Meshes/Rocks_5.asset using Guid(6177e76834d6d2849b2c9d8f56c44085) Importer(815301076,1909f56bfc062723c751e8b465ee728b)  -> (artifact id: '31bca611f5dab3e3c39efd3b3be2a396') in 0.030631 seconds
Number of updated asset objects reloaded before import = 0
Number of asset objects unloaded after import = 2
========================================================================
Received Import Request.
  Time since last request: 0.335045 seconds.
  path: Assets/Tale Monster Cube Env/Meshes/Top_5.asset
  artifactKey: Guid(6b2381b145c9aba45a4a11d38ffa4cd3) Importer(815301076,1909f56bfc062723c751e8b465ee728b)
Start importing Assets/Tale Monster Cube Env/Meshes/Top_5.asset using Guid(6b2381b145c9aba45a4a11d38ffa4cd3) Importer(815301076,1909f56bfc062723c751e8b465ee728b)  -> (artifact id: '377dd3651b952297cb0b918c244e002e') in 0.016571 seconds
Number of updated asset objects reloaded before import = 0
Number of asset objects unloaded after import = 2
========================================================================
Received Import Request.
  Time since last request: 0.037137 seconds.
  path: Assets/Tale Monster Cube Env/Meshes/Top_Castle_2.asset
  artifactKey: Guid(2e65cad9aa7b3b545a6f0fb8f239279c) Importer(815301076,1909f56bfc062723c751e8b465ee728b)
Start importing Assets/Tale Monster Cube Env/Meshes/Top_Castle_2.asset using Guid(2e65cad9aa7b3b545a6f0fb8f239279c) Importer(815301076,1909f56bfc062723c751e8b465ee728b)  -> (artifact id: 'b565b7844d6b9577a9846ce316903bd2') in 0.022792 seconds
Number of updated asset objects reloaded before import = 0
Number of asset objects unloaded after import = 2
========================================================================
Received Import Request.
  Time since last request: 0.000022 seconds.
  path: Assets/Tale Monster Cube Env/Meshes/Top_Castle_3.asset
  artifactKey: Guid(0c6ba915f9b05e141a320299a8b34de2) Importer(815301076,1909f56bfc062723c751e8b465ee728b)
Start importing Assets/Tale Monster Cube Env/Meshes/Top_Castle_3.asset using Guid(0c6ba915f9b05e141a320299a8b34de2) Importer(815301076,1909f56bfc062723c751e8b465ee728b)  -> (artifact id: '34e391b880549261e573893caaac649a') in 0.016957 seconds
Number of updated asset objects reloaded before import = 0
Number of asset objects unloaded after import = 2
========================================================================
Received Import Request.
  Time since last request: 0.259411 seconds.
  path: Assets/Tale Monster Cube Env/Meshes/Tree_3.asset
  artifactKey: Guid(37d1fba433769b2449855f9bc1e4c0ea) Importer(815301076,1909f56bfc062723c751e8b465ee728b)
Start importing Assets/Tale Monster Cube Env/Meshes/Tree_3.asset using Guid(37d1fba433769b2449855f9bc1e4c0ea) Importer(815301076,1909f56bfc062723c751e8b465ee728b)  -> (artifact id: 'c5e0073a3a7e11324f49d117ff9fdefc') in 0.011876 seconds
Number of updated asset objects reloaded before import = 0
Number of asset objects unloaded after import = 2
========================================================================
Received Import Request.
  Time since last request: 0.000019 seconds.
  path: Assets/Tale Monster Cube Env/Meshes/Tree_Cut.asset
  artifactKey: Guid(79ff099a5ee8ba344b929353a7276dae) Importer(815301076,1909f56bfc062723c751e8b465ee728b)
Start importing Assets/Tale Monster Cube Env/Meshes/Tree_Cut.asset using Guid(79ff099a5ee8ba344b929353a7276dae) Importer(815301076,1909f56bfc062723c751e8b465ee728b)  -> (artifact id: '4b24cbbd978d477bab43c075485da678') in 0.016382 seconds
Number of updated asset objects reloaded before import = 0
Number of asset objects unloaded after import = 2
========================================================================
Received Import Request.
  Time since last request: 0.040150 seconds.
  path: Assets/Tale Monster Cube Env/Meshes/Tree_low_2.asset
  artifactKey: Guid(ec3e469d939eef9479447917347efcbf) Importer(815301076,1909f56bfc062723c751e8b465ee728b)
Start importing Assets/Tale Monster Cube Env/Meshes/Tree_low_2.asset using Guid(ec3e469d939eef9479447917347efcbf) Importer(815301076,1909f56bfc062723c751e8b465ee728b)  -> (artifact id: '1c1c2066da2603bc6633ec915a579d28') in 0.022995 seconds
Number of updated asset objects reloaded before import = 0
Number of asset objects unloaded after import = 2
========================================================================
Received Import Request.
  Time since last request: 1.986460 seconds.
  path: Assets/Tale Monster Cube Env/Materials/Dirt.mat
  artifactKey: Guid(e7e0463e6cfc5024c9ec44e8a7feec23) Importer(815301076,1909f56bfc062723c751e8b465ee728b)
Start importing Assets/Tale Monster Cube Env/Materials/Dirt.mat using Guid(e7e0463e6cfc5024c9ec44e8a7feec23) Importer(815301076,1909f56bfc062723c751e8b465ee728b)  -> (artifact id: '769f82b70ec276a6c15c20e45c77fc6d') in 0.031932 seconds
Number of updated asset objects reloaded before import = 0
Number of asset objects unloaded after import = 1
========================================================================
Received Import Request.
  Time since last request: 0.000018 seconds.
  path: Assets/Tale Monster Cube Env/Materials/Grass 1.mat
  artifactKey: Guid(313169169abd70644b1a6b4149abf128) Importer(815301076,1909f56bfc062723c751e8b465ee728b)
Start importing Assets/Tale Monster Cube Env/Materials/Grass 1.mat using Guid(313169169abd70644b1a6b4149abf128) Importer(815301076,1909f56bfc062723c751e8b465ee728b)  -> (artifact id: '3fa5f30899ac496f825d712c5a8c20fd') in 0.015223 seconds
Number of updated asset objects reloaded before import = 0
Number of asset objects unloaded after import = 1
========================================================================
Received Import Request.
  Time since last request: 0.000025 seconds.
  path: Assets/Tale Monster Cube Env/Materials/Sand.mat
  artifactKey: Guid(b5f371fcc8cfcb84385db043e1239fc9) Importer(815301076,1909f56bfc062723c751e8b465ee728b)
Start importing Assets/Tale Monster Cube Env/Materials/Sand.mat using Guid(b5f371fcc8cfcb84385db043e1239fc9) Importer(815301076,1909f56bfc062723c751e8b465ee728b)  -> (artifact id: '1ec549ec7738074c84245fca90db94b6') in 0.017321 seconds
Number of updated asset objects reloaded before import = 0
Number of asset objects unloaded after import = 1
========================================================================
Received Import Request.
  Time since last request: 0.000021 seconds.
  path: Assets/Tale Monster Cube Env/Materials/Wood.mat
  artifactKey: Guid(d994ec918c35a83469584dd64dc8b17d) Importer(815301076,1909f56bfc062723c751e8b465ee728b)
Start importing Assets/Tale Monster Cube Env/Materials/Wood.mat using Guid(d994ec918c35a83469584dd64dc8b17d) Importer(815301076,1909f56bfc062723c751e8b465ee728b)  -> (artifact id: 'd897844a555d26777e015c827d1599ec') in 0.012062 seconds
Number of updated asset objects reloaded before import = 0
Number of asset objects unloaded after import = 1
========================================================================
Received Import Request.
  Time since last request: 0.000020 seconds.
  path: Assets/Tale Monster Cube Env/Materials/Grass.mat
  artifactKey: Guid(159b662d6f4972548b713589fbbfb8a5) Importer(815301076,1909f56bfc062723c751e8b465ee728b)
Start importing Assets/Tale Monster Cube Env/Materials/Grass.mat using Guid(159b662d6f4972548b713589fbbfb8a5) Importer(815301076,1909f56bfc062723c751e8b465ee728b)  -> (artifact id: '39eb0e4fff879f1667bbb3df38da000d') in 0.012246 seconds
Number of updated asset objects reloaded before import = 0
Number of asset objects unloaded after import = 1
========================================================================
Received Import Request.
  Time since last request: 40.638018 seconds.
  path: Assets/SimpleNaturePack/Models/Tree_05.fbx
  artifactKey: Guid(603970f97e50c56488ec3c5a6febd940) Importer(815301076,1909f56bfc062723c751e8b465ee728b)
Start importing Assets/SimpleNaturePack/Models/Tree_05.fbx using Guid(603970f97e50c56488ec3c5a6febd940) Importer(815301076,1909f56bfc062723c751e8b465ee728b)  -> (artifact id: '894d996885568d4851a2a01d15a3cf4d') in 0.145195 seconds
Number of updated asset objects reloaded before import = 0
Number of asset objects unloaded after import = 15
========================================================================
Received Import Request.
  Time since last request: 4.355463 seconds.
  path: Assets/RPGPP_LT/Models/Nature/rpgpp_lt_terrain_path_01a.fbx
  artifactKey: Guid(46a54c5b0997d8b47bf6519139a81b86) Importer(815301076,1909f56bfc062723c751e8b465ee728b)
Start importing Assets/RPGPP_LT/Models/Nature/rpgpp_lt_terrain_path_01a.fbx using Guid(46a54c5b0997d8b47bf6519139a81b86) Importer(815301076,1909f56bfc062723c751e8b465ee728b)  -> (artifact id: '78a5fff0faa441f7c033f4e33378f76e') in 0.026432 seconds
Number of updated asset objects reloaded before import = 0
Number of asset objects unloaded after import = 7
========================================================================
Received Import Request.
  Time since last request: 0.000017 seconds.
  path: Assets/RPGPP_LT/Models/Nature/rpgpp_lt_tree_02.fbx
  artifactKey: Guid(7dca68918011bd644a4dc268eea79b44) Importer(815301076,1909f56bfc062723c751e8b465ee728b)
Start importing Assets/RPGPP_LT/Models/Nature/rpgpp_lt_tree_02.fbx using Guid(7dca68918011bd644a4dc268eea79b44) Importer(815301076,1909f56bfc062723c751e8b465ee728b)  -> (artifact id: 'e9a53664b0d225d960b4946ca9c0b733') in 0.066865 seconds
Number of updated asset objects reloaded before import = 0
Number of asset objects unloaded after import = 7
========================================================================
Received Import Request.
  Time since last request: 0.000016 seconds.
  path: Assets/RPGPP_LT/Models/Nature/rpgpp_lt_tree_pine_01.fbx
  artifactKey: Guid(58c79ebc04f48c74fa4869c3f7d941fd) Importer(815301076,1909f56bfc062723c751e8b465ee728b)
Start importing Assets/RPGPP_LT/Models/Nature/rpgpp_lt_tree_pine_01.fbx using Guid(58c79ebc04f48c74fa4869c3f7d941fd) Importer(815301076,1909f56bfc062723c751e8b465ee728b)  -> (artifact id: '5d83474bfa5bd30ae5f4e685b3c28436') in 0.052395 seconds
Number of updated asset objects reloaded before import = 0
Number of asset objects unloaded after import = 7
========================================================================
Received Import Request.
  Time since last request: 8.048886 seconds.
  path: Assets/RPGPP_LT/Prefabs/Props/Containers/rpgpp_lt_bowl_metal_01.prefab
  artifactKey: Guid(c20b40242fb425a48840e03f7f3a50f4) Importer(815301076,1909f56bfc062723c751e8b465ee728b)
Start importing Assets/RPGPP_LT/Prefabs/Props/Containers/rpgpp_lt_bowl_metal_01.prefab using Guid(c20b40242fb425a48840e03f7f3a50f4) Importer(815301076,1909f56bfc062723c751e8b465ee728b)  -> (artifact id: '17ab23df2a4f7bf951a0f5b964a502d4') in 0.056260 seconds
Number of updated asset objects reloaded before import = 0
Number of asset objects unloaded after import = 9
========================================================================
Received Import Request.
  Time since last request: 0.000018 seconds.
  path: Assets/RPGPP_LT/Prefabs/Props/Containers/rpgpp_lt_jug_01.prefab
  artifactKey: Guid(957bb31991bce1640a18d0a109c71f3d) Importer(815301076,1909f56bfc062723c751e8b465ee728b)
Start importing Assets/RPGPP_LT/Prefabs/Props/Containers/rpgpp_lt_jug_01.prefab using Guid(957bb31991bce1640a18d0a109c71f3d) Importer(815301076,1909f56bfc062723c751e8b465ee728b)  -> (artifact id: '9f08b588c91c30ea223d076c5848d12a') in 0.018152 seconds
Number of updated asset objects reloaded before import = 0
Number of asset objects unloaded after import = 9
========================================================================
Received Import Request.
  Time since last request: 0.000017 seconds.
  path: Assets/RPGPP_LT/Prefabs/Props/Containers/rpgpp_lt_vase_02.prefab
  artifactKey: Guid(645e0ccb96eef934aa12bd4c02a4bd66) Importer(815301076,1909f56bfc062723c751e8b465ee728b)
Start importing Assets/RPGPP_LT/Prefabs/Props/Containers/rpgpp_lt_vase_02.prefab using Guid(645e0ccb96eef934aa12bd4c02a4bd66) Importer(815301076,1909f56bfc062723c751e8b465ee728b)  -> (artifact id: '35b0cd2f126fbd5047252f03471c85af') in 0.016713 seconds
Number of updated asset objects reloaded before import = 0
Number of asset objects unloaded after import = 9
========================================================================
Received Import Request.
  Time since last request: 0.000020 seconds.
  path: Assets/RPGPP_LT/Prefabs/Props/Containers/rpgpp_lt_vase_01.prefab
  artifactKey: Guid(1645880bdf365054a8c29b271c30eb36) Importer(815301076,1909f56bfc062723c751e8b465ee728b)
Start importing Assets/RPGPP_LT/Prefabs/Props/Containers/rpgpp_lt_vase_01.prefab using Guid(1645880bdf365054a8c29b271c30eb36) Importer(815301076,1909f56bfc062723c751e8b465ee728b)  -> (artifact id: 'b5e5712502f2d1a0a76cf0fa6e8f71fd') in 0.035965 seconds
Number of updated asset objects reloaded before import = 0
Number of asset objects unloaded after import = 9
========================================================================
Received Import Request.
  Time since last request: 3.790502 seconds.
  path: Assets/RPGPP_LT/Prefabs/Props/Items/rpgpp_lt_rake_01.prefab
  artifactKey: Guid(b44415eef131de742a4190453fc4d68e) Importer(815301076,1909f56bfc062723c751e8b465ee728b)
Start importing Assets/RPGPP_LT/Prefabs/Props/Items/rpgpp_lt_rake_01.prefab using Guid(b44415eef131de742a4190453fc4d68e) Importer(815301076,1909f56bfc062723c751e8b465ee728b)  -> (artifact id: '2f2e0886e0fa9fa470b1c43424846416') in 0.017882 seconds
Number of updated asset objects reloaded before import = 0
Number of asset objects unloaded after import = 9
========================================================================
Received Import Request.
  Time since last request: 0.561575 seconds.
  path: Assets/RPGPP_LT/Prefabs/Props/Misc/rpgpp_lt_well_01.prefab
  artifactKey: Guid(4500da6a464da55408dd1ff2324163a7) Importer(815301076,1909f56bfc062723c751e8b465ee728b)
Start importing Assets/RPGPP_LT/Prefabs/Props/Misc/rpgpp_lt_well_01.prefab using Guid(4500da6a464da55408dd1ff2324163a7) Importer(815301076,1909f56bfc062723c751e8b465ee728b)  -> (artifact id: '5e6ac1e63ca5d09ef7e875e82055035d') in 0.026900 seconds
Number of updated asset objects reloaded before import = 0
Number of asset objects unloaded after import = 9
========================================================================
Received Import Request.
  Time since last request: 81.188041 seconds.
  path: Assets/Texture Bricks 'n Blocks/Textures/Brick_cobble_whitegrout_diffuseOriginal.png
  artifactKey: Guid(67fdedc8f0387ee4d92037dd3be45837) Importer(815301076,1909f56bfc062723c751e8b465ee728b)
Start importing Assets/Texture Bricks 'n Blocks/Textures/Brick_cobble_whitegrout_diffuseOriginal.png using Guid(67fdedc8f0387ee4d92037dd3be45837) Importer(815301076,1909f56bfc062723c751e8b465ee728b)  -> (artifact id: '304d27340d2094d4e74033eb120bbec3') in 0.024488 seconds
Number of updated asset objects reloaded before import = 0
Number of asset objects unloaded after import = 2
========================================================================
Received Import Request.
  Time since last request: 0.000023 seconds.
  path: Assets/Texture Bricks 'n Blocks/Textures/Brick_shiny_diffuseOriginal.png
  artifactKey: Guid(bb4def3467aaf224fa3d84ea39bb882b) Importer(815301076,1909f56bfc062723c751e8b465ee728b)
Start importing Assets/Texture Bricks 'n Blocks/Textures/Brick_shiny_diffuseOriginal.png using Guid(bb4def3467aaf224fa3d84ea39bb882b) Importer(815301076,1909f56bfc062723c751e8b465ee728b)  -> (artifact id: '1f491335addc6867efa339153f62b030') in 0.013371 seconds
Number of updated asset objects reloaded before import = 0
Number of asset objects unloaded after import = 2
========================================================================
Received Import Request.
  Time since last request: 91.333421 seconds.
  path: Assets/RPGPP_LT/Materials/rpgpp_lt_mat_a.mat
  artifactKey: Guid(58d53420af384224ea4cfee8973d18cb) Importer(815301076,1909f56bfc062723c751e8b465ee728b)
Start importing Assets/RPGPP_LT/Materials/rpgpp_lt_mat_a.mat using Guid(58d53420af384224ea4cfee8973d18cb) Importer(815301076,1909f56bfc062723c751e8b465ee728b)  -> (artifact id: '77f69561a6e0b2d5dd9dd4354a334c5c') in 0.022666 seconds
Number of updated asset objects reloaded before import = 0
Number of asset objects unloaded after import = 2
========================================================================
Received Import Request.
  Time since last request: 0.000015 seconds.
  path: Assets/RPGPP_LT/Materials/rpgpp_lt_sky_a.mat
  artifactKey: Guid(ff33af19770dd3e489f9c65e388009fe) Importer(815301076,1909f56bfc062723c751e8b465ee728b)
Start importing Assets/RPGPP_LT/Materials/rpgpp_lt_sky_a.mat using Guid(ff33af19770dd3e489f9c65e388009fe) Importer(815301076,1909f56bfc062723c751e8b465ee728b)  -> (artifact id: '85679e7f965203a54bf54da5fbb5cde0') in 0.037913 seconds
Number of updated asset objects reloaded before import = 0
Number of asset objects unloaded after import = 2
========================================================================
Received Import Request.
  Time since last request: 57.209895 seconds.
  path: Assets/Darth_Artisan/Free_Trees/Prefabs/Oak_Tree.prefab
  artifactKey: Guid(c44bd9bdc114d4a60932c0087d9d1732) Importer(815301076,1909f56bfc062723c751e8b465ee728b)
Start importing Assets/Darth_Artisan/Free_Trees/Prefabs/Oak_Tree.prefab using Guid(c44bd9bdc114d4a60932c0087d9d1732) Importer(815301076,1909f56bfc062723c751e8b465ee728b)  -> (artifact id: '1bb8c27be9862fceadf52a1e73cb2015') in 0.015868 seconds
Number of updated asset objects reloaded before import = 0
Number of asset objects unloaded after import = 9
========================================================================
Received Import Request.
  Time since last request: 0.000017 seconds.
  path: Assets/Darth_Artisan/Free_Trees/Prefabs/Poplar_Tree.prefab
  artifactKey: Guid(826b6a0b570e8460990010fa615b5a2a) Importer(815301076,1909f56bfc062723c751e8b465ee728b)
Start importing Assets/Darth_Artisan/Free_Trees/Prefabs/Poplar_Tree.prefab using Guid(826b6a0b570e8460990010fa615b5a2a) Importer(815301076,1909f56bfc062723c751e8b465ee728b)  -> (artifact id: '457eeb7cec5bd94e9cd1d0aba650eb7d') in 0.015252 seconds
Number of updated asset objects reloaded before import = 0
Number of asset objects unloaded after import = 9
========================================================================
Received Import Request.
  Time since last request: 1.104183 seconds.
  path: Assets/RPGPP_LT/Prefabs/Props/Wall_decor/Banners/rpgpp_lt_banner_01b.prefab
  artifactKey: Guid(002f7a569314a244fb643e8ea8d00376) Importer(815301076,1909f56bfc062723c751e8b465ee728b)
Start importing Assets/RPGPP_LT/Prefabs/Props/Wall_decor/Banners/rpgpp_lt_banner_01b.prefab using Guid(002f7a569314a244fb643e8ea8d00376) Importer(815301076,1909f56bfc062723c751e8b465ee728b)  -> (artifact id: '1b8f956e955b456ed2cf922e28e8e36a') in 0.022406 seconds
Number of updated asset objects reloaded before import = 0
Number of asset objects unloaded after import = 9
========================================================================
Received Import Request.
  Time since last request: 0.006254 seconds.
  path: Assets/RPGPP_LT/Prefabs/Nature/Vegetation/Bushes/rpgpp_lt_bush_01.prefab
  artifactKey: Guid(bd1a894f239d58d4dbf63f27e28096bd) Importer(815301076,1909f56bfc062723c751e8b465ee728b)
Start importing Assets/RPGPP_LT/Prefabs/Nature/Vegetation/Bushes/rpgpp_lt_bush_01.prefab using Guid(bd1a894f239d58d4dbf63f27e28096bd) Importer(815301076,1909f56bfc062723c751e8b465ee728b)  -> (artifact id: 'a065948bdb2bec1b424a368a9e71087b') in 0.014202 seconds
Number of updated asset objects reloaded before import = 0
Number of asset objects unloaded after import = 9
========================================================================
Received Import Request.
  Time since last request: 0.000021 seconds.
  path: Assets/RPGPP_LT/Prefabs/Nature/Vegetation/Bushes/rpgpp_lt_bush_02.prefab
  artifactKey: Guid(efd8147160aa6c64c8121a2ed788744e) Importer(815301076,1909f56bfc062723c751e8b465ee728b)
Start importing Assets/RPGPP_LT/Prefabs/Nature/Vegetation/Bushes/rpgpp_lt_bush_02.prefab using Guid(efd8147160aa6c64c8121a2ed788744e) Importer(815301076,1909f56bfc062723c751e8b465ee728b)  -> (artifact id: 'a25b18caea1d64787ab8a82af23c9883') in 0.012906 seconds
Number of updated asset objects reloaded before import = 0
Number of asset objects unloaded after import = 9
========================================================================
Received Import Request.
  Time since last request: 0.000022 seconds.
  path: Assets/RPGPP_LT/Prefabs/Props/Furniture/Chairs/rpgpp_lt_chair_01b.prefab
  artifactKey: Guid(7a77ea810bbc0db4992e500affe32dbf) Importer(815301076,1909f56bfc062723c751e8b465ee728b)
Start importing Assets/RPGPP_LT/Prefabs/Props/Furniture/Chairs/rpgpp_lt_chair_01b.prefab using Guid(7a77ea810bbc0db4992e500affe32dbf) Importer(815301076,1909f56bfc062723c751e8b465ee728b)  -> (artifact id: 'a4f7b453a991fba0dddd2d470b48798c') in 0.013555 seconds
Number of updated asset objects reloaded before import = 0
Number of asset objects unloaded after import = 9
========================================================================
Received Import Request.
  Time since last request: 0.000022 seconds.
  path: Assets/RPGPP_LT/Prefabs/Nature/Vegetation/Flowers/rpgpp_lt_flower_03.prefab
  artifactKey: Guid(f71e980e020ab924ebed9a227a648ec8) Importer(815301076,1909f56bfc062723c751e8b465ee728b)
Start importing Assets/RPGPP_LT/Prefabs/Nature/Vegetation/Flowers/rpgpp_lt_flower_03.prefab using Guid(f71e980e020ab924ebed9a227a648ec8) Importer(815301076,1909f56bfc062723c751e8b465ee728b)  -> (artifact id: '4cf8c04eb7db150e106d975a58196bef') in 0.012895 seconds
Number of updated asset objects reloaded before import = 0
Number of asset objects unloaded after import = 9
========================================================================
Received Import Request.
  Time since last request: 0.000018 seconds.
  path: Assets/RPGPP_LT/Prefabs/Props/Furniture/Tables/rpgpp_lt_table_01.prefab
  artifactKey: Guid(4c1686a5131ac8b45bfe913f509289c0) Importer(815301076,1909f56bfc062723c751e8b465ee728b)
Start importing Assets/RPGPP_LT/Prefabs/Props/Furniture/Tables/rpgpp_lt_table_01.prefab using Guid(4c1686a5131ac8b45bfe913f509289c0) Importer(815301076,1909f56bfc062723c751e8b465ee728b)  -> (artifact id: '43c526441eb30f35c384b8d375d06d65') in 0.013910 seconds
Number of updated asset objects reloaded before import = 0
Number of asset objects unloaded after import = 9
========================================================================
Received Import Request.
  Time since last request: 0.000027 seconds.
  path: Assets/RPGPP_LT/Prefabs/Nature/Rocks/rpgpp_lt_rock_small_01.prefab
  artifactKey: Guid(dc9954dcaaaee02409e17bacb3dcc453) Importer(815301076,1909f56bfc062723c751e8b465ee728b)
Start importing Assets/RPGPP_LT/Prefabs/Nature/Rocks/rpgpp_lt_rock_small_01.prefab using Guid(dc9954dcaaaee02409e17bacb3dcc453) Importer(815301076,1909f56bfc062723c751e8b465ee728b)  -> (artifact id: 'a48f9f15f1b5193325716d71d8e5a863') in 0.012012 seconds
Number of updated asset objects reloaded before import = 0
Number of asset objects unloaded after import = 9
========================================================================
Received Import Request.
  Time since last request: 0.000033 seconds.
  path: Assets/RPGPP_LT/Prefabs/Nature/Vegetation/Trees/rpgpp_lt_tree_pine_01.prefab
  artifactKey: Guid(22a3fd8d3e59a1149bdcd775c0e87241) Importer(815301076,1909f56bfc062723c751e8b465ee728b)
Start importing Assets/RPGPP_LT/Prefabs/Nature/Vegetation/Trees/rpgpp_lt_tree_pine_01.prefab using Guid(22a3fd8d3e59a1149bdcd775c0e87241) Importer(815301076,1909f56bfc062723c751e8b465ee728b)  -> (artifact id: '5d5bb0051e9dfb0cc642ab7a431272f2') in 0.012143 seconds
Number of updated asset objects reloaded before import = 0
Number of asset objects unloaded after import = 9
========================================================================
Received Import Request.
  Time since last request: 0.000018 seconds.
  path: Assets/RPGPP_LT/Prefabs/Nature/Vegetation/Trees/rpgpp_lt_tree_02.prefab
  artifactKey: Guid(6910e2407cd484a42a0c2598114751a0) Importer(815301076,1909f56bfc062723c751e8b465ee728b)
Start importing Assets/RPGPP_LT/Prefabs/Nature/Vegetation/Trees/rpgpp_lt_tree_02.prefab using Guid(6910e2407cd484a42a0c2598114751a0) Importer(815301076,1909f56bfc062723c751e8b465ee728b)  -> (artifact id: '10c0b38e0c33bf62c264af23f0665008') in 0.011152 seconds
Number of updated asset objects reloaded before import = 0
Number of asset objects unloaded after import = 9
========================================================================
Received Import Request.
  Time since last request: 0.000014 seconds.
  path: Assets/TextMesh Pro/Examples & Extras/Prefabs/Text Popup.prefab
  artifactKey: Guid(b06f0e6c1dfa4356ac918da1bb32c603) Importer(815301076,1909f56bfc062723c751e8b465ee728b)
Start importing Assets/TextMesh Pro/Examples & Extras/Prefabs/Text Popup.prefab using Guid(b06f0e6c1dfa4356ac918da1bb32c603) Importer(815301076,1909f56bfc062723c751e8b465ee728b)  -> (artifact id: '4854f411e1e43398bba22bdef7a77588') in 0.037926 seconds
Number of updated asset objects reloaded before import = 0
Number of asset objects unloaded after import = 21
========================================================================
Received Import Request.
  Time since last request: 0.000015 seconds.
  path: Assets/RPGPP_LT/Prefabs/Nature/Sky/rpgpp_lt_sky_01.prefab
  artifactKey: Guid(f31c6bb6e68212e41b0bcae74612a240) Importer(815301076,1909f56bfc062723c751e8b465ee728b)
Start importing Assets/RPGPP_LT/Prefabs/Nature/Sky/rpgpp_lt_sky_01.prefab using Guid(f31c6bb6e68212e41b0bcae74612a240) Importer(815301076,1909f56bfc062723c751e8b465ee728b)  -> (artifact id: '51e4cb4383504027db64724fef0e6563') in 0.012130 seconds
Number of updated asset objects reloaded before import = 0
Number of asset objects unloaded after import = 9
========================================================================
Received Import Request.
  Time since last request: 0.000019 seconds.
  path: Assets/RPGPP_LT/Prefabs/Nature/Terrain/rpgpp_lt_terrain_sand_01.prefab
  artifactKey: Guid(e7489574cca6d4645a7019414b8288e8) Importer(815301076,1909f56bfc062723c751e8b465ee728b)
Start importing Assets/RPGPP_LT/Prefabs/Nature/Terrain/rpgpp_lt_terrain_sand_01.prefab using Guid(e7489574cca6d4645a7019414b8288e8) Importer(815301076,1909f56bfc062723c751e8b465ee728b)  -> (artifact id: '1bf76e045221f625bfede237804324bd') in 0.012485 seconds
Number of updated asset objects reloaded before import = 0
Number of asset objects unloaded after import = 9
========================================================================
Received Import Request.
  Time since last request: 0.000027 seconds.
  path: Assets/RPGPP_LT/Prefabs/Nature/Rocks/rpgpp_lt_rock_02.prefab
  artifactKey: Guid(491dc122236ad9749a046177ea69736d) Importer(815301076,1909f56bfc062723c751e8b465ee728b)
Start importing Assets/RPGPP_LT/Prefabs/Nature/Rocks/rpgpp_lt_rock_02.prefab using Guid(491dc122236ad9749a046177ea69736d) Importer(815301076,1909f56bfc062723c751e8b465ee728b)  -> (artifact id: 'bd1ccdaa9f68b52b30eecb5ca43e1446') in 0.011907 seconds
Number of updated asset objects reloaded before import = 0
Number of asset objects unloaded after import = 9
========================================================================
Received Import Request.
  Time since last request: 0.000027 seconds.
  path: Assets/RPGPP_LT/Prefabs/Nature/Rocks/rpgpp_lt_rock_03.prefab
  artifactKey: Guid(0fd5be61d8c00de419d45d6bf745a69c) Importer(815301076,1909f56bfc062723c751e8b465ee728b)
Start importing Assets/RPGPP_LT/Prefabs/Nature/Rocks/rpgpp_lt_rock_03.prefab using Guid(0fd5be61d8c00de419d45d6bf745a69c) Importer(815301076,1909f56bfc062723c751e8b465ee728b)  -> (artifact id: '0be9609628e9caa0c59567b893b5520f') in 0.013113 seconds
Number of updated asset objects reloaded before import = 0
Number of asset objects unloaded after import = 9
========================================================================
Received Import Request.
  Time since last request: 0.000027 seconds.
  path: Assets/RPGPP_LT/Prefabs/Props/Wall_decor/Shields/rpgpp_lt_shield_wall_01b.prefab
  artifactKey: Guid(0aae23549399ae240aa3fcaf1b7ae6b0) Importer(815301076,1909f56bfc062723c751e8b465ee728b)
Start importing Assets/RPGPP_LT/Prefabs/Props/Wall_decor/Shields/rpgpp_lt_shield_wall_01b.prefab using Guid(0aae23549399ae240aa3fcaf1b7ae6b0) Importer(815301076,1909f56bfc062723c751e8b465ee728b)  -> (artifact id: '904b011cf94a4f6567c04c61bbe68c72') in 0.012534 seconds
Number of updated asset objects reloaded before import = 0
Number of asset objects unloaded after import = 9
========================================================================
Received Import Request.
  Time since last request: 0.000032 seconds.
  path: Assets/RPGPP_LT/Prefabs/Props/Furniture/Hangers/rpgpp_lt_hanger_clothes_01.prefab
  artifactKey: Guid(9e6377f4cae22eb4194f71c6e76c37b9) Importer(815301076,1909f56bfc062723c751e8b465ee728b)
Start importing Assets/RPGPP_LT/Prefabs/Props/Furniture/Hangers/rpgpp_lt_hanger_clothes_01.prefab using Guid(9e6377f4cae22eb4194f71c6e76c37b9) Importer(815301076,1909f56bfc062723c751e8b465ee728b)  -> (artifact id: '376ee3e6d23c27c99312e03464592097') in 0.013057 seconds
Number of updated asset objects reloaded before import = 0
Number of asset objects unloaded after import = 9
========================================================================
Received Import Request.
  Time since last request: 0.000018 seconds.
  path: Assets/RPGPP_LT/Prefabs/Nature/Terrain/rpgpp_lt_terrain_grass_01.prefab
  artifactKey: Guid(bdf8e7438a7816543998181bd3067573) Importer(815301076,1909f56bfc062723c751e8b465ee728b)
Start importing Assets/RPGPP_LT/Prefabs/Nature/Terrain/rpgpp_lt_terrain_grass_01.prefab using Guid(bdf8e7438a7816543998181bd3067573) Importer(815301076,1909f56bfc062723c751e8b465ee728b)  -> (artifact id: 'd66321efc867002dd695d68e0ca455a0') in 0.013943 seconds
Number of updated asset objects reloaded before import = 0
Number of asset objects unloaded after import = 9
========================================================================
Received Import Request.
  Time since last request: 0.000020 seconds.
  path: Assets/RPGPP_LT/Prefabs/Nature/Rocks/rpgpp_lt_rock_small_02.prefab
  artifactKey: Guid(9f21020355643c74c88002634abcdabd) Importer(815301076,1909f56bfc062723c751e8b465ee728b)
Start importing Assets/RPGPP_LT/Prefabs/Nature/Rocks/rpgpp_lt_rock_small_02.prefab using Guid(9f21020355643c74c88002634abcdabd) Importer(815301076,1909f56bfc062723c751e8b465ee728b)  -> (artifact id: '2a91799a7e732993552d74fb120b95e0') in 0.011965 seconds
Number of updated asset objects reloaded before import = 0
Number of asset objects unloaded after import = 9
========================================================================
Received Import Request.
  Time since last request: 0.000016 seconds.
  path: Assets/RPGPP_LT/Prefabs/Nature/Terrain/rpgpp_lt_terrain_grass_02.prefab
  artifactKey: Guid(68cbfa1438162b243ac02fb9e3e30581) Importer(815301076,1909f56bfc062723c751e8b465ee728b)
Start importing Assets/RPGPP_LT/Prefabs/Nature/Terrain/rpgpp_lt_terrain_grass_02.prefab using Guid(68cbfa1438162b243ac02fb9e3e30581) Importer(815301076,1909f56bfc062723c751e8b465ee728b)  -> (artifact id: '5e92290dc9eb0258882763132374108f') in 0.012587 seconds
Number of updated asset objects reloaded before import = 0
Number of asset objects unloaded after import = 9
========================================================================
Received Import Request.
  Time since last request: 0.000021 seconds.
  path: Assets/RPGPP_LT/Prefabs/Nature/Terrain/rpgpp_lt_terrain_path_01b.prefab
  artifactKey: Guid(63ce2b31e16acab4d8a41f884c36333c) Importer(815301076,1909f56bfc062723c751e8b465ee728b)
Start importing Assets/RPGPP_LT/Prefabs/Nature/Terrain/rpgpp_lt_terrain_path_01b.prefab using Guid(63ce2b31e16acab4d8a41f884c36333c) Importer(815301076,1909f56bfc062723c751e8b465ee728b)  -> (artifact id: '6dbb10d8a84d01cfd2131196f2907522') in 0.012166 seconds
Number of updated asset objects reloaded before import = 0
Number of asset objects unloaded after import = 9
========================================================================
Received Import Request.
  Time since last request: 0.000021 seconds.
  path: Assets/RPGPP_LT/Prefabs/Nature/Vegetation/Flowers/rpgpp_lt_flower_01.prefab
  artifactKey: Guid(1aad01ae01d836647b215e40f1f4c1a7) Importer(815301076,1909f56bfc062723c751e8b465ee728b)
Start importing Assets/RPGPP_LT/Prefabs/Nature/Vegetation/Flowers/rpgpp_lt_flower_01.prefab using Guid(1aad01ae01d836647b215e40f1f4c1a7) Importer(815301076,1909f56bfc062723c751e8b465ee728b)  -> (artifact id: '35d6842adf9b39c797e3d231f368a32c') in 0.012726 seconds
Number of updated asset objects reloaded before import = 0
Number of asset objects unloaded after import = 9
========================================================================
Received Import Request.
  Time since last request: 3.141563 seconds.
  path: Assets/RPGPP_LT/Prefabs/Nature/Terrain/rpgpp_lt_hill_small_02.prefab
  artifactKey: Guid(6dcae7204dd466c4c862bc640ea7c02e) Importer(815301076,1909f56bfc062723c751e8b465ee728b)
Start importing Assets/RPGPP_LT/Prefabs/Nature/Terrain/rpgpp_lt_hill_small_02.prefab using Guid(6dcae7204dd466c4c862bc640ea7c02e) Importer(815301076,1909f56bfc062723c751e8b465ee728b)  -> (artifact id: 'f6136d01ea431783611545192391f5a2') in 0.011714 seconds
Number of updated asset objects reloaded before import = 0
Number of asset objects unloaded after import = 9
========================================================================
Received Import Request.
  Time since last request: 16.257344 seconds.
  path: Assets/TextMesh Pro/Examples & Extras/Resources/Fonts & Materials/Anton SDF - Sunny Days.mat
  artifactKey: Guid(6522f30e342599e4e9dd4cc2cc03c830) Importer(815301076,1909f56bfc062723c751e8b465ee728b)
Start importing Assets/TextMesh Pro/Examples & Extras/Resources/Fonts & Materials/Anton SDF - Sunny Days.mat using Guid(6522f30e342599e4e9dd4cc2cc03c830) Importer(815301076,1909f56bfc062723c751e8b465ee728b)  -> (artifact id: '6168953cac496757e820335aadfd7043') in 0.136632 seconds
Number of updated asset objects reloaded before import = 0
Number of asset objects unloaded after import = 4
========================================================================
Received Import Request.
  Time since last request: 0.000019 seconds.
  path: Assets/TextMesh Pro/Fonts/LiberationSans.ttf
  artifactKey: Guid(e3265ab4bf004d28a9537516768c1c75) Importer(815301076,1909f56bfc062723c751e8b465ee728b)
Start importing Assets/TextMesh Pro/Fonts/LiberationSans.ttf using Guid(e3265ab4bf004d28a9537516768c1c75) Importer(815301076,1909f56bfc062723c751e8b465ee728b)  -> (artifact id: '8756f7c291147a75e95d0f4a0d9e7e56') in 0.032596 seconds
Number of updated asset objects reloaded before import = 0
Number of asset objects unloaded after import = 4
========================================================================
Received Import Request.
  Time since last request: 0.000023 seconds.
  path: Assets/TextMesh Pro/Examples & Extras/Resources/Fonts & Materials/Bangers SDF Glow.mat
  artifactKey: Guid(d75b8f41e959450c84ac6e967084d3e1) Importer(815301076,1909f56bfc062723c751e8b465ee728b)
Start importing Assets/TextMesh Pro/Examples & Extras/Resources/Fonts & Materials/Bangers SDF Glow.mat using Guid(d75b8f41e959450c84ac6e967084d3e1) Importer(815301076,1909f56bfc062723c751e8b465ee728b)  -> (artifact id: '0bd3d0e095f33f25325b6b14aa6c6767') in 0.075648 seconds
Number of updated asset objects reloaded before import = 0
Number of asset objects unloaded after import = 3
========================================================================
Received Import Request.
  Time since last request: 0.381115 seconds.
  path: Assets/TextMesh Pro/Examples & Extras/Fonts/Electronic Highway Sign.TTF
  artifactKey: Guid(8a2b9e2a607dd2143b58c44bc32410b4) Importer(815301076,1909f56bfc062723c751e8b465ee728b)
Start importing Assets/TextMesh Pro/Examples & Extras/Fonts/Electronic Highway Sign.TTF using Guid(8a2b9e2a607dd2143b58c44bc32410b4) Importer(815301076,1909f56bfc062723c751e8b465ee728b)  -> (artifact id: '982b6653d703c18de0e519e4e39e98c4') in 0.009986 seconds
Number of updated asset objects reloaded before import = 0
Number of asset objects unloaded after import = 4
========================================================================
Received Import Request.
  Time since last request: 0.000018 seconds.
  path: Assets/TextMesh Pro/Examples & Extras/Fonts/Roboto-Bold.ttf
  artifactKey: Guid(4beb055f07aaff244873dec698d0363e) Importer(815301076,1909f56bfc062723c751e8b465ee728b)
Start importing Assets/TextMesh Pro/Examples & Extras/Fonts/Roboto-Bold.ttf using Guid(4beb055f07aaff244873dec698d0363e) Importer(815301076,1909f56bfc062723c751e8b465ee728b)  -> (artifact id: '14c221c04bf0b351be787a331f1d523f') in 0.009321 seconds
Number of updated asset objects reloaded before import = 0
Number of asset objects unloaded after import = 4
========================================================================
Received Import Request.
  Time since last request: 0.343002 seconds.
  path: Assets/TextMesh Pro/Examples & Extras/Resources/Fonts & Materials/LiberationSans SDF - Overlay.mat
  artifactKey: Guid(9ad269c99dcf42b7aedefd83dd5a7b9d) Importer(815301076,1909f56bfc062723c751e8b465ee728b)
Start importing Assets/TextMesh Pro/Examples & Extras/Resources/Fonts & Materials/LiberationSans SDF - Overlay.mat using Guid(9ad269c99dcf42b7aedefd83dd5a7b9d) Importer(815301076,1909f56bfc062723c751e8b465ee728b)  -> (artifact id: '37dfd4a5227f92987adaa5f982495a72') in 0.022013 seconds
Number of updated asset objects reloaded before import = 0
Number of asset objects unloaded after import = 2
========================================================================
Received Import Request.
  Time since last request: 0.042075 seconds.
  path: Assets/TextMesh Pro/Examples & Extras/Resources/Fonts & Materials/Oswald Bold SDF.asset
  artifactKey: Guid(0161d805a3764c089bef00bfe00793f5) Importer(815301076,1909f56bfc062723c751e8b465ee728b)
Start importing Assets/TextMesh Pro/Examples & Extras/Resources/Fonts & Materials/Oswald Bold SDF.asset using Guid(0161d805a3764c089bef00bfe00793f5) Importer(815301076,1909f56bfc062723c751e8b465ee728b)  -> (artifact id: '5708508e821a3c611ad4504b0db88d1a') in 0.018960 seconds
Number of updated asset objects reloaded before import = 0
Number of asset objects unloaded after import = 6
========================================================================
Received Import Request.
  Time since last request: 0.214729 seconds.
  path: Assets/TextMesh Pro/Examples & Extras/Resources/Fonts & Materials/Roboto-Bold SDF.asset
  artifactKey: Guid(5302535af1044152a457ed104f1f4b91) Importer(815301076,1909f56bfc062723c751e8b465ee728b)
Start importing Assets/TextMesh Pro/Examples & Extras/Resources/Fonts & Materials/Roboto-Bold SDF.asset using Guid(5302535af1044152a457ed104f1f4b91) Importer(815301076,1909f56bfc062723c751e8b465ee728b)  -> (artifact id: 'd196d4dbcef0d29a063a5d0af03141da') in 0.014429 seconds
Number of updated asset objects reloaded before import = 0
Number of asset objects unloaded after import = 6
========================================================================
Received Import Request.
  Time since last request: 0.053279 seconds.
  path: Assets/Texture Bricks 'n Blocks/Materials/Ston_Stack_Grassy.mat
  artifactKey: Guid(d22a30d2f01dba544a83283ddc4e66a7) Importer(815301076,1909f56bfc062723c751e8b465ee728b)
Start importing Assets/Texture Bricks 'n Blocks/Materials/Ston_Stack_Grassy.mat using Guid(d22a30d2f01dba544a83283ddc4e66a7) Importer(815301076,1909f56bfc062723c751e8b465ee728b)  -> (artifact id: 'c6ce221c0a27c7bef11423548ac6edf1') in 0.014111 seconds
Number of updated asset objects reloaded before import = 0
Number of asset objects unloaded after import = 2
Editor requested this worker to shutdown with reason: Scaling down because of idle timeout
TcpMessagingSession - receive error: operation aborted. errorcode: 995, details: The I/O operation has been aborted because of either a thread exit or an application request.
AssetImportWorker is now disconnected from the server
Process exiting
Exiting without the bug reporter. Application will terminate with return code 0